gAAAAABohoXvAj7zrMC_TLkh-Q0RZVeJex8B1UB1yFdw4IuFUrRzjWwKNf-bDo1Ystj8Q__88GWqL65e3aj6zCCtzpc9wzirCDtI6BoAjF_Td4pz8tNgkSMC5EHdXVGWexHX_zsHqdkNzrI_VkX_coHJNoWdpvFjpwVFr6i3yXf3FNBIxWQAmyWdIlZMfwpKmKPPp1IaGPeC
gAAAAABohoXw6xeYlw9coQCNk72u96mI-73tH5QQU-SGCqEG9LL7_uUjZ_hdUGY49QmQ9kqQwUJFmWrhKNgEVBFGjpL6FNcvsxKkjFnajxIbFGKHuz_NvoZbEp8ugEHUmcN3-A7Ss0ZrRySAmRX9YbBt29urLsCiRbdRhYNvfVkGxagTMv_czEAifMVMFSzBg8fSdErifdfL
gAAAAABohoXwzEXNiONAG2KBhm5IVPgoVZlPl8hrGzPxGqL14xe4sjZwUS1uJpidb6aN06uSTtU7Fuj-8eb8lzcTAAwbUFa5QLsg63ZPM0md07XNtDngoieDcoIK47sf-EnyrobWxaposPgh-cNsE8NuxJ47pUrJXVzfkeYnBrZi8d_jHF41OO2qOHvSS7Rr8Khz4GyXr4PH
gAAAAABohoXwD9HssvyGjgoxzXeczxPQNOE2MbLDk3JUdYJgrYKuNfs0DM_KXGw27SUfJ6lNPojdQwwgePMmu5-hBI59enVghrOpEtldksPses0cu3_l4ns4pMUHQ_DM4A9NCArcPeB9_7oJjEzJ7NsxKLP1c6V1TdntwSFAjjRFFkCtOwCaRcYeugegYGYF6Yv1JNd9LXij
gAAAAABohoXwD2MDbYnzEW1CC-YaFm1is0VGHmgvs1lInRSBHbD_cYXJknrna3kmCeB7jJ-Ku5rZETSkOrDi65Cd-QiFztrwdlWk8MFHB3t3a-mgdj5PbkQG_bk5nXvHreVQd_S0E2qICpH8w6WCvCRuinOR7w0WnfhJQOlWknSNVXlsAKuz6O5R03UfOn4KLxrEuGlFE5B1
gAAAAABohoXwUvr28KNZUezmVErvDxlNEWoPRRt1g1DSFqu8sFMVlbVoglv8vS0ONweePqWWDv40M8FjTvEeM4fVUBkAWCTn_3Z5FX1Iv_GJP_880xdB46BjsMLLHYub05044jFJTyXV_wKja25unepCyKmDjOR-XikiYREHJhGGSzctGDZWgMJAJMd8_O6EtNuBMxrcHdCv
gAAAAABohoXxDaHnm-FpUpfRc6nDWBstiD_HKyxEZ-Z5CmuD6QLkEEN71y5D4H-tTE8uplPlnd26_tr_C6UzSgK_zR0_StNO8GjeqmBqt_yrVp0-z5igogx5qBazpioiPrIBq4FlTezFvHdWHlBSPK0jn_o_StEZJOZKnl3S4kxZuop5M0GLBhmvhqkm091kOBkRGyGv4Nxs
gAAAAABohoXyZTlHFiW0MK9EGsSN4_qVvDG3wy85B-qaNhWIeqMk0WwxvNwf9XRDMhw-OABicw3EW2EkcwHjJ_O3jYokvk3_TEgmOsMa2-zGTEK4Op3nqoHHGTpcYF_YKn6fCtxLsBbrx391Ugs6d3iEFpCjKQUSRoeyisEsONNJnpeatnGoXmtIEYAnBr53tiLdvyc_z_Cm
gAAAAABohoXz46oNCK4JnjOS-M9EmS3Ug7x0GoCV_lvs91clSrwR6r6EV6oR9HJGjcXwOlwMF9HhptRibIB9osyJ9gmC7-7YPFTt06zgr7Yrt4nt5qKIh4iCKjZ90QZV0qzmDhkpD1vi0mqnei6DS-1q1t41t6JYj4FoIjce9n_Zr4hzbobagP2FuME-6LgK2ceWrItLxCvL
gAAAAABohoX0y5sxFVjavQs8IeKPfh-O3Z8LISFxSV2-JUxdsKJ7wvMDhLdexSIDSuoTOh7zGEQ5UXPQirQUJkdCv1pRCwcmwNpHaU2uNgVh2243TPlodvXqvOZ3zdjfuAmYuJvV5sJpQ1_-s6InagGQ0WsRpRa9T6jJRYO7xdVisGOybpjrQ1JWXOdjlR6hnT1QKKXTB_i5
gAAAAABohoX0NPjiHbK0qgGC4CY4UCVacDr3cocjdMjyjilLJVp3y8uTv0ZDOIpxm8jLjcspT4wIEOwJmHmdLylAKEA7pqvv0cDRVuVlsdu-FfgoI8AJbN7iXlv7mOEGPxwHmSoTIrVJ3lLGY1bqy_Xv-HeZvHPV_6AKfPjyUB1Nwt600Hx102HWsw7GfyYXVwHvWDhcA8k8
gAAAAABohoX08BrQ7kYM_aIIVPOz8r7BShGP68ZkW3tyaSgjn0BF2BR2S64XaUdx6QZsG10uhR_GM4yQ7ZUtA4O1DfHEZADX4TCyoiDYE_05_yYwlIo_5BkuA9UYpY4oSQ1qr6JfsA1inxiXwKXgijKSw-JI1szyiTon8iIRM1ELXagxLXBJfry1sNu6xpRB3h_7mdIeu3N1
gAAAAABohoX097WO_3hd2r9BWE1jScWwD0CJFE1GlZ1hh9uweZSzLx-p1qr10Z4dgM7zMBoth3efunXmqnFwo72fErav_5iA3GjaPunVFtYSLukq9bBYZr_ccjJLS3lR3wxdQ3sYbe-iqhmivOe5SQRhKS9XZgiDYlkMQ7sC58gi4CNlf61HfN4mO-CwFb5X4_0SHlckb7gK
gAAAAABohoX0tv56BbxIw4_BkQkmi9EUY_sRZvZz1w3Of8zHGksNsYzA0NTnfL4Br9V1-1pVMD6Vgodb50luOFPCKeTHjuGz9L1pKgD9jnTTaa6GKXa4_sAsDC62LVr__-OLLD8ploVyMwMo5esjBcVZkQr9SKVTtEc1_pAANQfCANJ4baUotwureaF7AnJK02YMgeZaIHLU
gAAAAABohoX0u6q36yFSs4LaUfIY0cTuMN5ex9SCyXpG9oYIYy_1k5nBlzfnqI7W6dNFKNt9JKsg2czZsjx8v8vWyc-evpdwMa7xNY8nGJIuZcBB5lRhn-l2imX453hC8yOxdjyA4vq-oVs8CkVx-u4qooinq-SW18tT_SBAvmzHnvFAP_fqBrgBp1YB0gVzdFSRgwH8JdtQ
gAAAAABohoX0t-WRwNQ0DOXhhM9sjOUXBS3_XMZa_QBdt0Oai-BNrvnkW5V9yhdJDOHgGuYGl7CUjDU5Sl5w_FIVV1EkJhjgXx5msAa2aPYGngdaJVdAzdNTC6XGDvvXiLn5EBJ02FXcnrbdd39IQ0Yz1u4eZvdMxzFvIelOZTyW9ApSrgQJhB3jqrSmLScsQVbp9yRF7g8E
gAAAAABohoX1cBtm78z5q7SASfT3hc13jsKz_Ew9K9kD6J6tQ0I2b2NDQSqJDET0UTpxFDSR1C3iK3LDLqlV05qmymxTWngUtFmwsv9knzACf7V0GdLnUU4nJgLRDD6Mckr0I0pDae5RVnWMiIEuGf8k2vDnq1qczKz7u0Gz4e_Xuv_9-u1pw1Gol91HL-BIQYuGjZAAW4uF
gAAAAABohoX1toJrBph0JLvkTopox__fZ8uTPM_WiNKKTcXxMtlQGmSE7QPSCpJGarNrOg99zMlrJ40xmUEBuVCBdgVgyZBgeafRuIZL7PcSu442I5HtZRbRzQUK7O5l-XtC5O6niIbOwBojHbRKj7HiEn1no-rjDqzo1Xx_X2UfJb1x8GMi7772Pjno2I1_4cNtGfbVGfuH
gAAAAABohoX8VZieYRVqYoqQFnQH451-vIpzrhp6MgzBaL_LMrzz36B8nkeqgqB8qsnmvXqQbyEcp66RbBWEZFfGqLhnr_kR0KzqfSbg6pebrf4KxQhtbZDaTqKg87pybnt67Me4LWN9qdUR6pswiJSEypsR9PABFHy7G6oGGuoWvuVyWtxEXxO_pNiwb60rDXljnxRj8caR
gAAAAABohoX8NnzPTEw_uBBOAWFg5kg3QFkL4f-rEC-Wb4ObARBDK0yA26N527IvlwaxBhB-D5p1YNi-SDqc9OF6ZbP0xPgpjTfWiJKWP4GPdT7CBVipunwXZ4_gEv-CPhskmh82YPyMSm63-mUTuarCTuc2s4stKLpTvmbcZdmcw-sLXIPHfh6gWvmnOdyOeoOv_UBd4p2G
gAAAAABohoX9l6evQI_OuWdBG1BzIXu-_Ul3E_SS9pcWRVAax7be6WEvdNSifHPoxulQZl8EPyJ_horh8rrKyeSSDOYCp3ilx0LB2WZ3llzaREs3C3SQ8Q58n0MseUOdiEn4SNvj4bjbjBPNVmGUMD7OZYheIFXjbETSZSFTDutezeOxzIj-ipwAUK7odJUJfkonHPjbLIe3
gAAAAABohoX-eW4mUb5G9ojSXxaV4FLvvTMZ-pOSd5BwKKQIvwun1tjYVFWzBZfFOh5VeRC-6gwyLOYGrqssB1JxlAh4KAJuT3QHXVIzeFUVOAjMHNVdUt-t2tar9dklGeHkRPePPZLvaWLSSR4OrZI9BwtSQMjN5FoWPaELnIKGci5vAE365lGCQo2d-XISSZlK1BfkoWzN
gAAAAABohoX_zPPHbGmy9_2N-5BZL4RxrQuDPrXjOigU-xDikljyq5yGcOib7VqvKF-UfBuGBaFaMlaCywvuKwFkRini0L3c8xQOIwQntvIpv_9EhA4JzNaf_3TS5diBziumBxKdqxLIHlsdUvF2hYd7lNk4XdKj2Mzt47a222zFG42vbfD4-2BUFWfC2BxxkFh051i3sL6E
gAAAAABohoX_OHylJ_rEYCKlz_41Y-X5owbt172D1FgLZMYrp5SF0C2Fd9Yhox2zXuhHzF7mdeRet_1dM5Als9RwmzVxvbOQ0FObv6sjFoETx7gGpoMlKzD88z3Rah24ijhSXX_fSShIjd_cMNr1RmFMuoOvtxzxdgMYhwv__gS6FbvmgqbRXYr5bEg23MAyUIWsiJft84A4
gAAAAABohoX_gjIPfHUu_vs_0jvfyplaoHlzEw8lDuCpDk9OiRJDUEn1z9NF-ho4saP0d_9Y_z9SE7Tcbb49oLZdLuLd9EyngCxVkP-VdVB-y90v__DBCCRnbizVdG1CHX49Mf7qfU1WixMYtrxiMwYT-gXBDrvhp0aRY1UipFLNCahRAolyc2cZj1Nmqn7JRsy9H2C7Ej5Z
gAAAAABohoX_IDmZCGcoQF9Qs8E_xBcCcS_7I1vgmwvClDp9EuD9a3tEI2uKxhJ4JELUD4aFOoyrBvvBXosAp6CmD1JuPzhvyp-rnr_NTG8bCB1pSVbsV8QRxi4DC4lwbm7ibC73RNRa9DfhSCglatqW87sYIyOfe4rK50HU6TZ49C5opvHcHkj_9BCQWy9KQidA8cP0jBiX
gAAAAABohoX_CeNN0VhxlJqEHIDKjqvnvjNRgQc8pSc4Zksg3sz5MhubmIJkF6Lm-8xhht7AVZ6nQW5ojKV7OAuw2vT86y8MxhL21Bc8w93qIBI1k6vrxPCpBC-innVLnr1xVVZFYrRDaB5ZOhdy2MyO4AZvGS2oJS8VY1VO2ysqmLJnAnSahI5Ol6YNcl-vWEKqohzkJ-1V
gAAAAABohoX_AfhxrHvPh2I-d1PzLr7YMhyyD74h1CroIYi9kLG7rew4qzkjwUUzPOb1sCx33b-MR4Og2enEoejd81ldWbkKue7haQqCGoFqO-ce-q8fU1B0xQhk-R_rPVnvv89IvQW2Hj1Zk2XZQsQNq-tM9dy8EHNgL8pIIVyBnIqtYhTVca8QlvFywBCRN0OZmL5Yy6zv
gAAAAABohoX_qVGlcZG1eFI-99tlqsXuIK76cOE5S4jhvk0Vvut-emcbMnE0m-abf10v4GsQjWujEQb1x6iZMbonQcYBF3n4962_oDXGH34DAndNcSFpkHhKyTyYyK7SY3mrnFnYJthXDWTm9fo_3SRzsUBQdQGAYW0fvCx3OyGq8EJsxOU5B04Y4mRYs_fzGUg-wo3FZygj
gAAAAABohoX_8eZUAi2cf_ktIefBR8bu-XNKS0OxfDqKA-lpD_grx_7zOvWjy4zTpYMdBAWJkFVfvbNLJiY0-8CBUodjb54RUsqKLJFgha8CV8B12xSaj5qc4ZMdq90R8xz9HU0BvG0BAVZcpFeuCxxGDfisQcD4VdxqUD5oLWie7q9iANr7euMqI2JyROLi57-b8LDdI0LS
gAAAAABohoYArJwq1jf28htoCU1sLcc1ERsnxucLrYtWgil5c-KeW1wxyhQFdffS_XPSkskrKqJNsHlmaxoghB9Po_ULCoV6OcHUwfrGYWevOWSJ9yZX3YR-97sdu03IcKCEJ-kgWAVVPtUYO84B7Pwwef1-hA64gh6jftLzguAQICj4SAczcKZlRDWbmHNYL0AWphJVA4SP
gAAAAABohoYAxFwWAnwV9PFdvpQ4Fr4lw417UWPEaYEmEfoB8QP8oa54Xvi2n7ASHkqbvDHGkOEG13NQEd3ByRKcu1IEjJp4VGy6CfBjiiedHhzxkyhaDI16sf1a5EgitVNQKPUNg4zoz14MxcE4401sNag542rdpIN8sXU7wJVPeCD9woHcpCHH7B4V1-5dmF7mXExCkoTi
gAAAAABohoYAnj8dlVHxJfoXhxLJEJg0kM8oeEromh5D1PJ9ETYBQvB1cVleJD16IIRIlJrMnwNq0d-g1CBhmxFDHkNX8Fa99SpRyZezFKoxm3XpGHUhxBe9hl4EEtO9i-dyTaG8xaAmF3xUvg6SxJWH_bNVEzmu3BNWW9stD2_7O6cABgOWEPGXXvfg20dPAbpPQ-AkVL5p
gAAAAABohoYAEY5h2KtdSzBhHSWvQyAgb_Svox18QMl6yKET98bRfQjwDnvzSpMd_6iwz-5dyfiYKbnuJQJePIc3E9OZXp_4GA8pi7sve39urGBbrg2JtjiQo-Ew_z0TO5mD2okTxu29gtA10Qnwj0xexXTgsb_qDJ1Fl8gxEIhGbhBHW1UECy-QIsFT_A2kq_jEfLOHUC1O
gAAAAABohoYAvv5prjb3AWZYN9R6yeovPN9x_mj7ry_Cn5FIFTcMCXlRzvh267eNiv_e7NL0XdxQ0LENabl1pxem5s17UYGFJCygqes6_hXmiSVVNJSjtrmJtwtRVo6e1WvxAExnN2ADueWmwrCZwVM4IeRNU31ccyCc8SklZDNvkIbnPvZNszByZFSGMVb8UHUmUmsRLXvi
gAAAAABohoYAKrNbHU6FJr4UU01HuK9qklwbiWOVjfAc5-kdICZ3oEd3jNhREA06nOuss_aXDDgfKlb6z1gt3o4EXY_2S5x2zd2Ay9kfAavQH7yMu3nSQFy2QITqSCKylNYQ6n5Q6Y4KbyJVsANy_P52ozaOnNxGakTFDqA3auiVcb4d7-QOx9uGvIK75JtuES1ZRzNSAhEG
gAAAAABohoYAK-UGJwlGQukb02xjtLUWk_juyqLtPmqOBqKT6LGhUtXujJX2QU6lIu7LK77xh35y6xGBV9Bf_ig3DfMnrU6qLBFcHBJ4p3k_ELMzMirL0EJMsc4z9sPMPKFANxsNcMiFbCxBx7C8dCGPUnuuOwOw3P41OKiPOwB3U7j16CI4JwdfV3KuP-9dHgq_xyL-Hlwb
gAAAAABohoYAa7ZE42j_VnJ9e2Je3BjvwE3L8XCtEI2MH9j87rRdk_9UA-mo5U2ZCHz8FUnQrME4SXLJ_jRtNaaCwGf8ZzBUnl5OSk06MIR_Qrxpej3V70m6pF_SgJaX8x5Iyw8c_OZ83-mhLOe_RQeB_AGlQgcbcDu8yEd6aSeluZlGzBW_M6xkx-W0QDM3UIk9uXMLxcY_
gAAAAABohoYAI8cuAS27RCh-gdibSGFr_nn7J50JAlv7nWO4cmEgX9hYiAQabpZ7IpKHbCPqXQyjLhqRuw2-M2aBgTPMenLazMUGtPyDgL2Nx6A3Yp6Ojce88E1PlyrGjAmp2f0w8nb1vx2wzFviPcMFrJS3gaNbIFKqytz2gEZ9wKNw-mHZCNJIlAbkKgZigy3mECkA6oxJ
gAAAAABohoYAFKSqzq4JzMqYkhDgSvt5H9-PzLH8zJO5trChsrcukiQfT_0PBG2pZxIUZJfrlrGjIQjG_AazPDhugxGBGyePfUfTp8fPoZ3IH-4OGS8DrrZQVKjzeeujmAeFc2wUPZrmXPTEDaktgQ3s2vb5FWFAQakAGTU3yL6KMt8xjo_E3CdjZRwZmbOay2-JaIbHTg1Z
gAAAAABohoYAJP14bWDodRmSazhdPKZXuXSlZrvXoud8eiaIG_V1fVWM-NHnD0SfU1QS92jkMTBa92SH0Yoqc1ssMNAsIe1vXZI2Z3VU0WahAV55Tcp10wuEtYspUcnL91Y0vKUTdcyQvfJQfSgm0v21mZrC5hOQ_QDCY0WA4uTcOE84MMzTkSAcGj3uScke4lqMCKYjz5_k
gAAAAABohoYFEW7tTdzNMZ1N8guYPJG_E2fTyKcJVxmVBZcVt0hcy5Q_pFFEMm33KYc0YgfMRPROFIL9tpN3PwGs1IwS2erbG8T8uBc8L0bKhJ72QxZ6lTXYFY-tTaN314lDnRPMgKo-ZdTdNlBF5-DZFJavuiQVvmFA1b6NEMl89FRJxX8MTWQXo0aOgd5aLMGxwj7dQX9-
gAAAAABohoYGUmn51Woe-4ezESNjGWMFR2BsFbrVX0ka21lBkoJRQHyHcwXXzn3KFJDOrYj_GY6kqMHF3bT_1nMG_8aIVsHFuuBLfvMKWaPu97I2zRBCTLLBq925GplsXI0yq2s-td90pl6e-OspWA8nCG-_DJdJdomS6Q8qYXI78jzT6qfbzQZW2-uR_8Zr5jqJBdKzTJVP
gAAAAABohoYGSEu7KNM-d5O_2Y82x1v5DaeUp_cLQu4MBuJ6acprXAKj9ejUNMwjlCRTv3TZi_U1MlRZqubEbo0ok0eb61qLfKTBGSn1rqjYqUh0bhTjtjCVKDzRORQ2bWWIS6vjmx06wFTuoX8C7Nx1zISjC_L2H-gGwLYUHlDAuya1EcMlUAWphO-IKvoVVCchpfMFUyZB
gAAAAABohoYHPnWyLxr60LuhDMDvZBX7Wj8eiye1F349Xwyhkg7Kwt3-WAq1ioQlDdZTcjAtuy_gd3BLBqoZXTUP_yL4q2XYRAGYUypDS3eGFe7ERPXeHf-vn37xo9qnib9bbZwkLA28JnzEzeG4kjO-d3JV3kGuuH1kvglf2SYILUfu5TwFgslgwlbz1lPaHR5nADB7jt_j
gAAAAABohoYHwQ1Dtkoklpgo16M46eElFHz05zs9WB1ult2cgoHoo4WJ9Ed38-7NxsT9suJT7kYT0IRTk9yW8UVT9CDpHpBR8wdyKuMozx4SyVV09UUnGnezl_1vpbQ_I_wn2Kg3IxkkPO5hE5KFHvwarKlQD69X0z2mXq032ja4qVhN04jl7bE6p1It-PeIMvw-b292aRLh
gAAAAABohoYHHaR1YyMenTBztB6LLYlzGnntW4sBvX0Ou0nftcNF_d_Ps6F-fFecALKsmsSIWPmiwCFrLoo5mNQsN1W3SPhq6CXH5TtbpSQTV0iSQaz1ushqShlZyOn9eLLENr200Msy8ItqZZW_KMXXH5A3INOVGa8Vk_UOTB52Uar64wZHSlxLSwhBYILDvVJMMTVfBbs9
gAAAAABohoYHb4dP0WjBatP66qw9k9Fc4GAzShxENN2431ihYjQeUY8JkoZOxGE0CYh2a6LM-o_lXJECIiHrNGLkVE4LJh-XTQ7FxW4BCtF9kqdR1UVcZj1DTrr247o7qXBqS_-IZHqnUug3sRuQCrJlbkgsdpC-BmJWB3WqR5Vn4F6Sd_5aZneLaT26ktaNuXZbM5AwIqHX
gAAAAABohoYHl7c5sQhn0ebQdYkyP_FFVyeKpstOuTWw_ZkMAyd_DoXGJ7tSJG3q8pcscB-s2dxE9Dggd07wu0RyB0csrB-XlMxdC2uaaO6Qrh6uJCaFv1qAAMzHIv9EFKtCtqKlkf9VSenB_hOYABFsDYkpf-AvWj_gXS44OCtWDEhmSYkcg72gNw3nNSzStk3q_YusDuZn
gAAAAABohoYH6PSpNPSucRiSR95902iX7V65wx3BOdp8iGQvbfqH58SKQ-QXe2hUIa5XK0HG6bMyfFqAFk9QkV4io6xH-gzKtwnv34Hc3OPgXONNWdiwTrPAOssy2p57-Zx2jA4kvpyz4O1lmltH6xQfwyViHrYUbFohW5-iLRxPH5pJjK4n3yIrLhG5FBcKnszX1Ulp_EOz
gAAAAABohoYHBk-McBEbRHJ4cU1brbKv3tm1poeO9isPmeOADCwcuCT16A1OjhHHY4t27uGF9m9op7WPCp7yhbWdD_Y7rDVZEnWgmKZpMH9ywphHUJiZqDuXvuJ5fXpavoTI4rpkKsZoHoSA_M7ic0pZ4EWVudaQhXcjpMsCdEX_hNulNMGdt02SO4a06sbaAm-nhqF2zh-c
gAAAAABohoYHq8jYa5gavXDsQRyiCI9wYvXlJ_MYzAPUnF8crCEm0e5mXkIcLJwBokkemiOwMV9MaLylMFR6dYLrPt0V0bTgcHbwuJodtqzAYn8iVZBY8npyFDzVZGRAN8M_6QZEE1ZX-D-g3FcIyYcbQXlk7DIv63tIZ9ygCmv8vWm22YkK2-Tcbfry6XHBO7w8njFFBh4r
gAAAAABohoYHB0ZqLih532drZFR7spO08GPM0QqE5AYeoI4kLIOeHlWh5uF4CkCglrjrclCBeGpkn4djUWtRvjMeO_IpFMpdxPC-Y_a38PYiInh58Diu4cx1MM0ne6PqtXpwWaZUq-XbC6ucCWb87X5cqlcvHDuZaygU6CfRfsWiXvYuPg0aCAaQ0CDPB87dwIBpuL1zgSld
gAAAAABohoYH97kjU0GFHMunmfq_wgJ28zLHqMu9oW7xjmrMHD7E8rb_aRtfuMk7gJliBZEr8czPI-36fsVcYcgcUGXuPmWTcI3xkfhlAHQYACgf9eah16rNurBRQqPk95lnDHL9CxRh9m7pgfK0sXxF4zP6dQQc6wpmyBNplI394gMBxiL8qzQF2exFa5lmqzV-VyfOrIeY
gAAAAABohoYHBOi6TlWCo-B2W4p14mmNmlg0qQ5nsvK728CkQXHa2MphuntEjpmRr4te5zMy4zpb_us4DK1JX_YyK_Tt4GpeZYvYCF7o4q4hh8L4EhuyqvH-NX9-n1hDprlavkLAiDmgcWOHaYkc9vKWha76UVJzBVPm_o_Ab5Wxk70FL2HFI-f8gdPI-gcMOLeltzUMiI34
gAAAAABohoYH9o3JvkGvsftKHYj8PDtcSn1F2Q6SKRHUfgoOpBolKUZ0vBRhT1JEP9_6tZhDXbrJMQ2PQA4BpQ1Z1PCK8C3Hok1Mbk4DThaBIUt7RLZvGZN8WCz35ANkIFYNjFm1rqVzNFY9ut194aGEnGuaZ2Hz4hnNh3d6gt6gi8ZOBefbFR7ABS_vziqQU4JnBKhxU-ti
gAAAAABohoYHIVDKgdaCCRWnfy6B2ZYY1oek240ZSnMI_eT3LdU2tVDACjhDENHALhv7ZGU0Zb5AoXf3FtkCbeKtrsa7qx3uQuXAIDt5KAZ7A2WpldYiR2p0lHjc1QgsOlo12u9Gnz0i-SSX9oAw_bw9NezoPYxSisO2dyeIxl1kiOnApT3ScxzIM78Vw1p0OeTZN8-qpsn6
gAAAAABohoYH2VwzVfqB-FN11NHIfmW5u_-Cj71HQ3zHcSUcwqGKSwfSGKJs6b-uBTCRsixvzeF3zktNevzVOSr5m3E4G-9jwNL0GJpDjhPUO2lq_uta_TdqRXsujJybCFLpeBtQw5i2w5uIxmiKxKC7Pq5GlKShdeZSFc3cd-7EV6gmxz9PAa4GIeGmPkEd1enDeGqza021
gAAAAABohoYHRCH10PiN9mZnvJdsVCVFzuvGMeFpSvkT4wGJipS2w9doT7gSUhmYaWDmA2y_oWFLZxOcscTpcgB7pC7n1ND6YPJMJf5hdGQdEdPAF9Kj8q347qG5icAAiA4bnTBtf474ACopdYOhtPTVKldwLQWwhMOD3byR69LDRbivfrAKdJROwVipsBRlIlzDqd3Z9wro
gAAAAABohoYHEg_lvGBj58-dseyt--HhwE7n19bPTUBN_FMhPrV99K1zW3cZeolYW4VZSD-xQPGy03QUXCnUK9dbr07S3K9SElrRj6HYt8lf5I-MwBaZtoCqerpM-swAj6kN_nGmEgUTznJQV6vVPkoYzX2I9qevNcihGrhYYqXoGlv2DHyfwPSrZq95ZZO9K_Dh9i7ZudDT
gAAAAABohoYHn96SbYVwUh3A6gKODW1FQotRWPvrY6-JJ_YiqxjojVu5bGkVcuKOqIVSIvaTb6yzXy0BAR7Rwu0p8Ve4A4T4kcLRsyVlF5PkzrqGSNKPTMgJD_DcMgaa9YYbpSmxTWYm8v3l7ILhiGHn72D7pszGhstMgiVBFSUus8NfpL9xPLmjfp6vnh70jF-_ZMimRq69
gAAAAABohoYHYVfT4arzrsM4SdRKeV89EuSFdUZuOSPP9irekx2rVPiba_ocgRggpwT0CASW4_cyNLpVpJjSyAt-13654NgprrOH1RwcEuQ9KyNpO284W_ej04Y4rcfKkmhkn67Asb944qdlu_YcQh06hzJQttxKInJdEg7przG0ZHR-unLvSuvAiCdGuxR1LGSBaWiyTBcm
gAAAAABohoYHVsgv4ZYn4ghRMfY63hq84A3Rjm4SYXo1RO8zl0qJUYuQAThTpVYXjDYPHlcjBnKSeYl36orZiSAyx5c1lBPRbYUbCR705JqyuFFxq3DbHzbw4fNd_XAEwFJktKLVVIPGPjVCayceANp4GYdrXqBaDOEROvQLOVayCzbo0WEgp2vNvV4fVNOXc-wPz8jZ_J0f
gAAAAABohoYHuTROEH0YNiKZmubNkTtvXkYDQ5CCQjc8L14ThWivaR0hYSEHQenr12SF_7Vo8KDGoVgrvrD61ROaRKEZuaM9OPsuOmDRP8SdPKJJ7jEjkQNk3msA0w4apKCwN_IdrTk-R-hu0_UuzbPCv23HSO7ScB9enQk-9WZFc0V-Lv9AUCMkMpSxKF_nIvcskoIj-tD7
gAAAAABohoYHqvq_pMRoH4QA9HPUuEflbCL-PS-c-xVCUYEzj9bihyz1wcf-WCVs82dyoMVG_wlET7Zap_ehsaKifnE8-XsuF0Ta7hfjYF6hFsFsj-ijtt9EzmOifqSo0qpxtkp72XYHzpGmLWXJFDnKlFUBsPUaUKdS1fbB93vZLYqI1Xtc7pVy2EPqKXw8k3QtGre3XhxG
gAAAAABohoYHrSDzQogm9xAodmiVcpUVzI6JfxPSjC-o_kA9ur9UWrU8DKsqiym_vbLGEkWNpF1LngHA-XbZuMosZeGU4VMhicbrIhFyC_DP6NRS3U8qv1F8CQBA5df23zpQtJ2nl0moGlOy-8UXH5XjHElxMHruts7TyRsMP0ASFufJpjT6IsCXlOjSWQA5lw1eySYWHAdf
gAAAAABohoYIhN9Fp4irXUKkRes46wIPDwGUPwx5z-VpXa2EOIL2m7-9NKOnBErMlNyaqgOncULn_qjIyDrekEjj-nyjl63XLLW5MuvAyYtaJhQLKIqg6G8aoN9W4YIoYyhHXjDjJfZwhNAUkeIdygxByOJgkmcm0_gCMAe-faEsubNBTX278chjEUy6HvJmoeYJj7uYLpkc
gAAAAABohoYIsfAeetMBjgnt0_NhKyWi0jbxSRUtMnoJr-yg5_q2DJwfUQGye_mpbnb6vuXljmYdoI1SPCLDT8PDjN5Itf9fxwFTI_sIBAhOgWCNC8e_QJIgQ6NJOCTKpXY789piMawo45ddgPo5eHrXrxitS2D2vFI7bokOz52lOYY0GUuu1GegTI4_-qMLfXQlYNU0GyQx
gAAAAABohoYIQMqUS2CGwh-W1L4cJ8d-fv1jPAi3sLqiq6bNe-1GUVAnRCNPHW2QXx2kNqlHGiKENyA8wZerjaIXcctP6IKVBQzto86evcTNbj1YLSoIS3JBSkOa9hoWDOlN90JdcrvNw9mZZBnMNeo7aZQ8WU7Oc272CZWWGYCKE9WkslK1XYjlE_vVcGJ-RkYbhlPUpJxq
gAAAAABohoYI_SQT9Kjc9LgERDceNjV7dwSlE7s_fBNW0sWKLtIDk2qUJwlxGIWLUW1o_FW3vha5FnkINIYoJo_7Nb3qPlcari5UPQcBbaAfpv6dz5DSiYekyRWyAFKA7bVSE9OGsQyyjcWlAY56yr4Q1V5rQgXRgsplm03bjLmAErFm59F6WY0K4vcju-RApdWNTHa5N-tj
gAAAAABohoYIv2yN339ZvAi1lSP14hWudyEWKfrDIOqEJSHyrdlRnkpA7xBeb0Ug5BKD3YPiHWdEkpaJLG-GYd_VrL0CyW_jCsj_g175DlTVX9eiQYwoWvjAYrCQqbLmWoYT1HFnHj_xsePI6OQrYpYavNI1WMQwEUOpKutGg4AQqhlpMxYFfKzl6Un7cbAVjhyY_07sQCY6
gAAAAABohoYIn2VC3HmAeq8aygNxxtP60hnFJZkV5QeRaG9s9xwxDGcccP9iRLbc2jZPQqeUSmQqiDuh6RipoqgXollEFMTs_Z9rhYy5-QyxCNROqIlegJr34xMAWL-MO07Qp6doQqWUMYutOINspbidXAUbcH6wKiEYKw_3OyFtUke4mFf72MW_fnaFDIDbvjv-4s6CJRDh
gAAAAABohoYIqdbaRQOu1vePn6arjwjchcvoB9znIVOgYWLKL3KXU99-Sv3RDHtI50rs5_ZLquecjSiKEmu1Fp2FL7AV0M-02xEhAICkhS3mJgqIePmMHvBKZKY9uVxGCTvu6_DvpcoGuniIqB4YQE8NbNPUOZl5DhhOUFAsfDvnnVX0tEEEMlLH6ZHU9sbmzcnsEd9LNB2l
gAAAAABohoYI3o12kaGrbmQEhSRtPe9MDXRUa1jQf4AiQnW25i4ynZYRullKFnX-vT5DX1Z6LQBWiXKn-mpJkQg6DAIQjh7KSVak9VLgoGR46V0xNpLh65NdYvakDEMcmG2t7V5U6njF2E1oHr4vgOEISNBNxaXGX7C9C9BOO6JZJVjEx3Y4zLOQjn49mB_KMYQWGSPdUGtZ
gAAAAABohoYIQXqhqD8-1bU5yod4GVg15PmIH4QR3PouadEgWgWLc_NgBQjMsWN2Q6ElOQOB84KnvLGTl4v5VWautoy8lN8IW4DWG-QSXJtpzhX0Bw-Er-lkynNLIY52Ue_NGvjpbXrVTCp-Uec5YuExoJFiwR9CnKpCKM3yd57ECHaXItEG-HMJK8Pdsl7YO_lc_ihCnSJw
gAAAAABohoYIHUr-_QEhmni-3bDhpJmZHPTHN_xa6mWBNgL-oM3tAO8GT4dUYnl33dBAKBDfy05ViJz-hgXxd1JvsXkqs7Cf_vB7CFhfmGVagBVGvd_E0JQcQF4e1eXHHNr0BopQ92nBJLzO-3NhSvP6t5-1bQI-4jEQRWpgcAHqS939D48lb6Wzjt6wY6E-n0RncsGlo4hX
gAAAAABohoYI4jNQHLpGlf0LW5bgCh2adwTQ2Ua00yCF82bzuGUkQwzPmY003dmfjv2wMM9Z8WXW1jlRUpgeCon03ZU9M5t6N8FliwgcB591-97pby0Ldxr1A3X5Qczb6YakW6HfvpLoFfRKXoYcxO1Fm0u6TuLLbMAnFudKYazw6LJhIFHv1cdryNE5OXMTjYTHfHj8r49c
gAAAAABohoYIlnSux_h4AwBShPVSu6qtQdMZvCp7DRAGQWGbX6YsQM9GHNdGs1o4chGZydUOs6Rz7ZDL7NwVvrrGSebKZmGb15I9OSG6KQ15ghF-pyeb5sVR1qvM7bPBxV2hUwgtm0_-akGvP_I4MdL7-8p2nYXqPyQB0oUMHXsGE-Z8hKixZVm1OHMWxJ0nAukmNTaHAlAq
gAAAAABohoYIITr3rRmXpx74CKr1VRwH1mMkhKi9Lod_hK6NOuESRYlYfeQX7RpwtmrQJTNdTJpHCt8NlDRUcYQxPQ4mpxE52QI6eudivOZa66Cx8dnAdGUTKNR9_CvZmbM4K80z6IquRde5S3cG7Tn_1UHRQrI0slRhO_JqRY2Izrov1dngxFPeXOSZq6jvWlRGW2z6jZtB
gAAAAABohoYIczcEh5RR59X8pjf0EHiBM5O1HPC3eIC02qstNkShNsyr23C5hnS7M4xtStKp9ONI-SkVArcWvWlIlimcpaNo16w-RyIYuEF5o96TfpznNwAoXnDNq3dAq1bUGLNjaNKhx-0r8AtyVvEYFsFuEah_jovmXZegkPoj0ZH_-oPUPlyI-Ba63u7w7DTP1nmD-8NL
gAAAAABohoYIhBovYtfhGy0Q7uhloC3JY32cDg6oozbQZ290VKaggQZyjIyMXgSmA6hRs_EMXAyjPpckflgGnqc1nlGTmHXouFa5k2WkP-AbomldUBJWmOyLYVa4cQrUpOJZAAHANmLLRjsHWuJdxC_n06B-vzvMVuuirFUVxOmOZVcMxOJX9hAUp6MM9Rvz55SRchixDFke
gAAAAABohoYInWa7McDm7K3lLzJyOjkLP39SiijbHEGP90crJ1M0aoH_6tHqGdsw6pmRoLklP0ga9AaLhUtJRdZ7GLCazyZwVXp7umLcTWtmpZ2Linij4xt9AotvYeyBBBCvzXokJbRSjD99T5dmRvCEuw4G4zMF8tCOJd3tAyeTh-esdu4hITjM4kqLpslmkBgkn4-Uza_C
gAAAAABohoYIut2TwGsR2z1diCgcoyr6cB_tdbXSg7V_FJenfTZK7dGvrPOkGIPnhrXk5lck7TLKVK_v9u9MTHTMdeNEqbgFBi94g1QcCCVYmyQT-s2IIL8-1vf9Cqlu-O9TPOoD_Xk3o_6dknhAzJZLc9J6BwHZvpGk7FxiSCSIKX1aiF4jrsz8uvQs6cD-1y0O3pcOyZrI
gAAAAABohoYISzJZJpcquXCLvZJWOEHPiHk2aDDfZ98jcPEdOmSihb3QfFgAnlBvu3GToO3MjQBKV9PiPtXh_yVhQRkhIcC87woxK3MM66uaB-SFwY5pzyVY8ufLUFJ-hr8Ytk5CS6m3NIk8wowq8luGKOhSSRaaJER-gcGtvz2p1dFJUu38NJGcJShKIbT-0GgbBzvrZ0lI
gAAAAABohoYIyeUPpKcjWbHr_vljaYtPLDjdkd4dkH8EiKvJL0-thCl7vFMS1-PmRGhhg4AhyM8zjEAGTyHmYHUKZRXIz2IRZBbBG098sNXP2B7P_MRFo3iO5saLdyb-vtyGlLPRmLz4xYWTkYOe1wkBAof_5p0S1WAAbMK5H2rAWfQqkRghUUTUC0lGyLvhcQc8C4MO0n2-
gAAAAABohoYIDZ08VMnHSEo8MQAyD-2lk88SCdKq2XOJL_36vSA0FRve4AsKZnuU6F9I36o8GC2c_vi0EhQDUQBYVoue7fd26nppOJRJ8edWqmAES6LZX3eq8jZZo_5RKg7prlPEYVb4kRrOoXPQVTxd9TgfIYc_GEae38X32q48J_8e_0rdpQk1YLVDrOqBhPZWI1hRvHG1
gAAAAABohoYIR9SC71-qy2k83w6uKBgXhIIsb0cduMMUgVq0Hhto_2SJTp6bgIzY7AUAJk0vpv57iSb3sc6CPGQRwwnpjSU8oX-4VUvWodXap9epmfih3OFx6Ip2wzFFR6RkuxgEDRjdNnSad05lcqt85HZHMzBzVWl0MWOPs4NP349ofvBAFJxgzQLqxD02OG4ZMuAgWo4V
gAAAAABohoYID1e7DGlvivtj0_fb2L6wMYz_51rf20IzD6I4gDCcjegLrfzLiQXBlIBmXOmXHVOia42kNDvf7-XzQSHNMuN2UGFQw0Pb0Phy-XkGkG-H5MROOg7x2R7hyNmcKW2hnEOf7RM_d7kyx0vQasJAkUPG_3Z5CKAbkjPY3B_1n1kaGCowFTpQlDDtxVB8J7YPPsqx
gAAAAABohoYI9fDS3jLRGZrFEcFRA4HIG-pAI6dCYPn5ob6qiuLnpobXYqdPbRHsyjIi0pw3DyjEpTJ3ni2_FlVBkL4RyLyBgcGkOMdfBRgEma0GaS5nFsrpndMUQ0xsfpxu-LQnVhQR0spt-g0g04xIaj4LHze3BVSGoWS3P0X5AZBypx6j46AArYcDJJ6AMV7lxbSQQJsz
gAAAAABohoYI8RRJmypU2kwQt2OBQsyqakSFeph71XFLzyRQFZ28CvbxpQvSPxfRoYqKsKLmc9nNNJxSbBZ8FD72icXc694oOeaipvFQZBIuiGD1TTR_OLAhpokD7mGqH_VRm_XGwLbQ47dhT_8anya6R5KJ3ASmnSdhIw0-dUZDQf5pGGHpl9-Owt108IuNE7Drvtu5MriO
gAAAAABohoYIMbjLHDsRJaTS6viLuwSKRU3XvTqCJwiqdil3fiZ-kpsnZFgh49Bf4-4tbivsp0eTcIEQvgC7ptZ4KYR7UWULUE6J4FsQjT9jandnsx1zL8K_pm3_86AIT7vTJvWcnnh_8rrXjSGaFZTIMV83cfzii4KO7fj5rWPLE_IlmATVmC3A_MA6NkZ6VCKBPJvlJy7A
gAAAAABohoYIY5rzrhnwBe_ifOUezeJCW6v7IHqO1z-DO2A_fT83DukKxAOAxGYX_ZqPW1mDy6bPdCm8TvK5kDM0fgUv0GB_4g_CLWfTPeYzyeKqzajhNh9ASrLUf2Fw34a9gZ0vUOiUMPcQy75cHwJGJddk-_WVklOsmGTzN9RFn4H14V6-wJIido1d_9pgZUnKdFIrfUbk
gAAAAABohoYI3Pc8OcPcJlmb0CogCn5tt2bfkvCYAXdT_db1c_ZFxIEdjqdJasaSIigCu_dOBVIi79W2_E_Eq2eRwuyM57GclCaU-1X-TNQ1zp-KFJdeCi3pMaA_6gdKzJ5DbgrvZylbWCOv13J8hoVoum_m3-88RkSKBDpqpXyuQp5EZ0g61g3n2kNnyejRUH_KF9T3Fdkq
gAAAAABohoYI0Dsp4TaDWdq-pMUQC5EkyXtTgAxvgkXqx0L5mSVwhWcTo-PERVwE-aTUMojkthdhLkYFZWiN3K43rSIkKT1fNkRmaPshXb_s02dfKe4Zdr0nYiIVxAO5yfJiBQ57brkEdmZqf135yraeO00uTRcT8bVyaubzD_6iP5iZx6F8WGlJWhCKj7fvvGV8xAuQ2Bh9
gAAAAABohoYIoEEdJlkfRn8zpzHzxmpZGKzJgjC-LODKGHq9EsPCpYuO3a_lYctHlNSAQDh93rwCLRO3p2Ri-HT-iedgh3gyGTEXlUGVQhMFrcLUc6HJi32xkKjtzu4GYGRBsDsBwpY2lXEOdDlyeyAwWYVf_1v_VgeLvSsx5QxePXKGaNyqFzGkcNYtDBlGCdbmVH7gE53j
gAAAAABohoYIz62PZsiggX9UqSqHCqUS3PcxA2vZ_ei3e8YOcwORF7ZzwjsDhuiwXHWZCG0eyEbpZ7vfLHmQumHn4Cf3MYH5VR2YAxEAXZwKStQnWZBu14a98WP17YF1CWk6GUngTyQbbJCQu2WV2xyJu_ul7YfUIghWz3t5cxzJhzdg8ueVBnvup-83PwXrX2XYrQxx5RJZ
gAAAAABohoYJdECJ583zJ6w1t6vQX_Y-yCjS96JAJa6auq1i280Ym8XxWCKawL2xc5rFYNLB7AIkdYNqCMf3KwLISuOwqg5Pqw4L-DVWH3xRdF5ZgZzS-etQ5UgvZqQpWP06erTLYnj0qhqiyX9Dg65g7gx6v85bAuNom2HOmctVUMPoQzRYT40PXxoR8RFAFF9KuPqQQto_
gAAAAABohoYJzgZzizd4UpZcTisqXQ68v7f0B6lldw9g_IjWb9sAgcal5xIdgcZ8SLQAeACDNiVZCuz6mDoeEPDpPnXrGnbHhpULtrr0kiwYsuc6UqaRqEH-j-3FAH52IPbEYa1cr0GqWl2tC966W_Pp9IajH87wJzuDoRFJk7_mQZsh1ZXTvHz3OEdRiTKosIsePBNjFBcN
gAAAAABohoYJkNsCKyRqdHb_MYpsGByoeEU4yfZ3YzI4zkL3y1vCteUFrzBecZKPw7WaIy_jFz_sG5ougxZxFolMmr8jK9SAcsBfgtgeQrG-Ad2g_dG7VnNR_zNHKclFezZIxZ7V5Duutqom0VuOj_IC3JOwB1JdFzYdmf8AamFLXMYkO-UsVCLZIxBEpCPQscH7gYnEwHLY
gAAAAABohoYJETxOHb4P2V84Jf7K2EX10ysCfIem10bVWSwUQvXdCTHrCaeDpMFcuNm0cRyarp1Gle5Lw9txuNwgPS6TNaIakmpH_yUhlcH4krZzoDEABHnoph5NQPB8V1Wa7J2afoBQA51EVczdxYfHzvvNlNsG-T9HlyZdPVmA7-ku_Vq1d6W8UM_d-W4nNZxmVqS8K9bf
gAAAAABohoYJzGW9PR1fue6pIAAia-ATFiVnn9aarsigwZDLyanTgiUnS4IEi-GDqNJ_GhJQOVvS_a1MFXNaCUBKWwmY1YMjEcwDVq0hs6r8SvdbHlHWLU_rmtiu_AMFaF1ezPK-fDQTc3YTNYZqFY0hOuWrdHrt9Tq8ZzpqxLgzkT6tLBrGK5EpwGlmNOSEaQiVqd5v2DZd
gAAAAABohoYJB-grR-rLOpX98-5pZk0AX4LsKDjifnHWqaZXUc6hOM4ctHLuLN1ftxTEnEBAFHex0FyQspUamdXT5fMeC4hcBye64iinNsG2xC9zJMRRqJXXa71BwoUImMsKPMk4eiH4dakd9PYRuh2k413PcWbJfhaMdXBmGwxBt27b1q-5F1G0qo353bo0hJf47peeTXZh
gAAAAABohoYJ5_dQfYHyYS8Tln1ii1a5gbm7pJRGky0Mr34bOG0564ugsE5m94qQ9P_4zMZ521TbZsa3HJkqueBFsF4E2qmF4xRVg9bUJX20E6Lu7hmdVBSr6LgdCd6JPoNeKo8UfruUjN91cBxO1OEkczsWcPbmiSXBDLud3OMhq-hyh71AZj6ftRTLRU1PGlOxm7Rk1_nM
gAAAAABohoYJr-h61k1VeLsQ4K1qoUBsgxazFGC77K90401zyXCtgK6cjlVH_SsXBxVwlUlzxmfD27Qc10GhXzArZH0eT9VB7Gmk80_SXfvOYLwS73RHLFryP0F1Oxh_Io5dLApF4Qa8YlF--0jl3TyqEpFDCfFcUFPK7EXprtjOKRok2RVMQ_NFYuSxSyAyViZNikSb4rY7
gAAAAABohoYJu4lymJXtGxY0jcI3XGBRrfgb5VudV6hiLi4AqTE06PLpgp_yAqLDKfPZpQVfzmp2LyV0Lt7JupnQQgZ3Mdza2AylSazMOqUOeYvtV3jMtm0WMGm_9siAmaTKmJ28PH58imyT50lUIMnaF2pLXbqoPtdw9DZdIxDvLNlqphrjNEddVVYD_ZeOULMHbS5BKLUT
gAAAAABohoYJ5NdBrBaLUVHU3OvvGGV22MA1VJ37Ili_nX5Hid664f0p-6qVXm6VSUKgzlsxdcMCTGo8LSJs70OK2tX6HsGzOoeG5_6qqAkvFXonsxyZGAz0geKzEMwBTjaytpQpvYyQBz9zvx5jpJVXXLuAiSBxkAfWAT5PE-b-4sGCfNGI5TfeU15GEyauF57TxN079vTU
gAAAAABohoYJbzjPXO0RaAWts5OCc8QVF2LZw5umChYIsvW5sX-B8_QrefVx6W6rVQhtwF7YuUk4PrtqLyNKnwMtQIhLIG9v9bQKG4IktmoydyzQkaYOjSbJaHcMIebO0ssAbsZMc2LXfIkXavDW7vFtLz_FUgoGhi2G_lBsQEEWYx7Dpoaf0ws_i3rHknNrOo_SZl07DHro
gAAAAABohoYJdx4ggx3YIQp25Wm2dJjj4QQnecvSFhxEbzar9yQV9ZL651VMyqxdbevwROs30EohrF-2dSltOhUfRdQhGd7726o2uzjAi2Cin1TRKjreTFhywUzghcdPGq2LRtI1vkIMAtf8GBAO2uu-ZzKs8mxqF_u9El0aN4BOFvcTfDX6oG43qNeY3aJ7xziWkQB4_5NZ
gAAAAABohoYJkavShSe-_1X-1kp-IjD_kI4CQVEddx-N91HuC3lYnp0O6T-wKIaIpeWybSCVheBDlFT64j-83Qblcj9EsTfdqUPufLj8RvEQJzA6LGP9XLRCVwomsBpQWLtQb4VoiGKgS3EDyeMR7sgVBbwO5BtTR3XfYpeZ5lhpFhAVP1vZGhywysx3eoOHl5y47Z4_0aBz
gAAAAABohoYJL4cPA2thYo5ZGHVI9PXtKFmcQr8g8JuUOnAOuVap9cPrbDPkGvPngfU4bn3iAZeWnY9YZGkeLSJtzhpKRM8JXcqNs6DgUA6ELwDvoguFpugKKWxtchF08uFPOmwAZk4PlhzN-qRHCGCuCPXKG6X_hoo6gtOIfKBtRTLaQ0h7vYaQamB5cYXAnaN2PtHWHwnD
gAAAAABohoYJGzmsutgULSJZP0MRwt9AvLh18nj6K1Y7toEjavXe5vwbQj0zYSPg-2MZ6f1NPZwDtKBWCTtNrUX05eDhlZtVZxX5-JyDMuwNiEcYDxCqwftyWwrlHMhiyyvKDOAOvS9yePqGD6r7chAxC1sKEaMR4UuKEmzbcI7FG3uMqrq-X1ZR53RRIGiGZq7woik80UWw
gAAAAABohoYJuXa4qOVr-lTmda28XE7l0lQKOS2FtgkNeVwt2of8_EyW2ZiamZXaO88sfnJoRuLXsBkyaiw57XT4E1Hcu2njrh7xbQwk4CdV5vjuz7Ypt8LgEX9IuWKdlbsfb-IYaKC_BS0KbZXCIKDnWyCMATIGVJZETKY4HxM-edOr2sCSxtBain-3mVFFV3-eCJ4Xd7yR
gAAAAABohoYJ-Pa8mJCszhSl6IdpJ0d9O8L937PoNvZhaDyrc6mOS8jDulNRhRQQx4M5gxXsDOR2IWjhmBhowy7hCnr2_OoQ9e91jechk36qkPLzlX9T8TjpPeWJWFPvEALT0gx7cAc7Q9xqVDC89cjeHVMEEL9rxZQvz17K1rRwyskPtJ9kGcQfD-U5wqUsyZ-9arFd8vNK
gAAAAABohoYJvRq28GoBdZANoJvXGwjw9D-EyziaEZqWokp1Q9iBQX4NREx-Fkr8cQu0tLIpPAJJ6uPkSHKXHjZdFmkWthAYnAKx1juRZbBXWh-8ZDwVJ7nNJKhw48LJBXU_hVCqk6Qb5vgni346KzwIZGT3fsAOhWVhojQ1y6ChFxWrM3xkzbevZ9W-DVMhVXpmrI0iym02
gAAAAABohoYJuuj5trsnLqiAzdJ7GeRvkd5235JZzmntRZV1UskUkqk8RCmENb78rV7Ey-TzmbW9o76JTI33Nt_R63tbzsyccnKRhRmkjV6_kaqJuCKoKHSc5ZZFNQUCEXetPy9Q2RDk_QfM2cVKe6v3LqPl3sm4EBg1hnoZj0qH_QyxFMFKfuSDONshFxA4XLFixDB0KGJ_
gAAAAABohoYJbNgxvY-t-xNd7iwaw4xNdiPhRLbp4VKT1WO6Gm16_QXdxSe0G9vM6Q2vxUWko4bPnPTVOZilQUaKZI0YyWJfcoYWQ3Zuyw5yK-3UJf30X9CLTWX2iFI4BLMoTq5Rn6jdXkD6PzvX-CRo8oTTfOtVzs8cfIydI7no_NRJQXC-jZlmcT88oiBtDTLQKsw8F6-6
gAAAAABohoYJQY-ohNr3bqWpgwUA1BeNijVmTl3cXff170MUipEHNE7vBflWFrKSEmnIQ0QKGakNpTgKPLGy5lFcIl6RbqBNoR-5glizUkCWSylWriiA3ximsc_iUH2jEP1wO_joKpxI7paIDuDMZhNsAjS68W6N1w-lMx62gQgxEejdV_AHaHIe4e5Nj_Y-QwDAbLdIGcHW
gAAAAABohoYJexPo8UyETrxbk82Mkztku58DfQ7se8SVGxWcShD-3QXz5tgO8rWUdAARrGAZo2M6ZfVOYb_PR0JAJm_-H29CYgT4_X5d3Ef_RcDTqh6knfdsEzoJ5wwb7oiabbzPdkTjLG2DAAn7UjmporGan2ieDGYG18dVwmulIDkLNWPECfXXObLUNwbUc6izjiDtBX38
gAAAAABohoYJ_1PzQ70_dFFbkJJ7VUiNSn959iQ8-pofLYidJtUorX7rukanK5T55Zrq17IAQMGdJnClLbX91ogWsW8KpMgUdvpVlweN34tLrupnqxErFyfqiTXovwQlKGbrISiLfSZV0FF_WXLEBifIXvhk21bdeligWKU1gi-Rs-KbrKJKLrN5CV8b1PVFzucpMlOWwaNR
gAAAAABohoYJRjrjKrO9c8jST2tihb4kDzo4TZ53j4dWt5v6QF2EQnE2ez5uCCbUpHllZLwUv0tIFopAYsrqVnorhJQqPYLBtzgk603GRX78pHHRmpjVEDGUS0rwbQpeyuXMZJR22aiLUpZBMl0lDz7Ub-QeOZTvO9qMFZgMsaaoPhedyrlNKjCcdvY52N6AvrmavVPFj15a
gAAAAABohoYJYyhHEUSoeKLQy-p2yVAifU1aYpn0teq60ahcwrH-zP7MS1lxRcgH2oeV57nc7-bZceEZQGvCJrCUsRRPBuSDOwGhc-DP0r-1AJTMmj6MjFQFSA2xOd7J7ZSmFlVvC1zshig9Ah2PHg7PyTN7C7ZrRRof-efVkHe-LqMJ0i83RjT_q-_LN5-V8RtFfQrhHMlK
gAAAAABohoYJWyGOQJYQHN1ab0ixj0H3-KSDtOZtnJpd3swOwMeIz_G20j5fO5Td9kHofyCRuvU7r08oAZ08TMmbX4gVmdlvLK0_KW_kYVPPCwT92YCCpIojTpEbfsxh8Zg7NeSt8ffm3RRzqWNdOjvBors2mAfAzzdQdoWD2R4Sn6AGGIBfyyQn9kr8W-z_-kjHby0DMjKC
gAAAAABohoYJwEpwaFtlibkqKDI-3Q2iwbSfpBuKVchOdquDixl31PQYyNnBmH3nDcV0alP0xDASQVkeoGH2EcgJwhCoZV27NlvZgftItmJjgqvAVJZTlfNh0DKkg8WSzDmZiNhhIayTVsFUOlCBdx5RGIEMmSy-RuHplEAGab37pY7SurTvtFy5gOdqgZpqdxOlxK22ETj5
gAAAAABohoYJPlS-k-WHuchOqojNdf9reSaBVMmrEGTUeK6uwfl0zcyJ-SuVTrRzSX17F5IA9YnO1bG5a7vXlli2F-Xs9B3Ig8oqhdczR1S8s7XNQSJiqQ3W6gncmu-_tvdRvQUnWTBnPc2GpX1E0GsKMhJKIycdD7jYdr2K8sDpmdMPj6Pz-I0Fmvb0Yq6PkclwbKuEjUW6
gAAAAABohoYJZbVhDvX1LJCFYHFslP1m1SxgcE74pjdTRk8kFZUA2-uuj5tNd18EpphaArEkFYgE0JoWAm6nwfZeqfXiiuiJRRRenaE0u35MexfiPiX3Z2Iy0Xz8ovnw4zYGSk3DrW7iUj1RByHFznBzZn9n44Lj5I7S2gk_EqezCA586v3GGiNa4AvMmxJvfTA-XgPiUFRW
gAAAAABohoYJ5HNR74SexSgnIzGUT_KCfNPyFeXowXUNCA_Ok031sAUei6O0CzLiNpSa0yRdcSs3bsvaEVqaD_8W4rTTe30VvLJzCpyq-PzjTmfsV3cyXVZT7ReraoOh1dFxc4DapSMuJX-VSqqOgaOqJ5nUN3P74nVVvnfxR-_3xBZbz88AQlNmqm_0uVlFWKv-Dilukbz3
gAAAAABohoYKXcX1XpFDHNUwfBErQVslHMIftii48zVJrLva6XICbe2Qd57awKmwlCT0nByIJGHAuseChvB7-3JF8Fb-FLyqgP-EmQlW_3G6Xdf48exyjMWZMRh2dP2rsYFapeeXakOXrhwr3Besq239v3elDOtlklYxzZFgDfphW0geAwj_5CkAV5Lj9ZRVx20VyHUZBQi4
gAAAAABohoYK_F5Hxd115HaCUYhppqxMaWW0urdd-Zdf8Hwc_daMXoEz7Dauskji7x4GIAPdQ2sAB4cbrywBbFAXDIVbR-vyV3RfVDl3OAOYI_ewqtzNpb9WN5uz4uQRWG707kgJ8h3WOUBfd3G9FqIatbrV407NTqvawGCb6jb2P4NWYYJCo-_Yw_Kwuh0Bb0Cz4tx0JffC
gAAAAABohoYKOgl2hvt89xYdEinq1ojK340UcI7PC-ZFAzaWBcmC7wCfbsu2paT-MCTAgVxfgUbW4vxDcMbKtgLHvTQT0DP1d_piRoBhTZE4X0I7qd-wSQxBUMK9BdonaL6SElZQRan_GuReUoP23fdfGB7hTG5QZT-uyOT2Qaxjd2MbZeWk3R41ZWJcmrmackQlBTvkvPOw
gAAAAABohoYK3r598d3UWFjg1GM4HpyJsUjoALmmQLlZUy4Uw8-2Z8qN_W6mRDR1TGmB3z-CUR3vespNMf5fBgcyOzYyxfBio8OjCFFAHr4qwYPNDWI73lXQGHx0JSAcUa1LppR8OP4JOWHh5K3eBIvGcEc-7aN7ZOJSMzOCF2mrLKahWG5di_iHnUdJCmn7stIVZsZ0WBWB
gAAAAABohoYKLEiKBf3h0sIGIreCu5UZWArX5Qe3bAH-_cT9MueunktRprQtd4W4RQGOGUvsCVUQ2sPrkHGitGfwn0bAt6K9Th3PnzvL9hBda_-UHEKbyg_hhCjq9JdZduD1lRBbRG8Yi-h4O7EHI7iHL0owXR9VqgmYyuNFKk6Sogg2nfIwbJ4Y23SuwJRQMqWFIwkT2FXo
gAAAAABohoYK8PM-7yaFunirjSo_j0x7dQYQL6C1QFV8y1dSgaMNthw8sBRrSZPxNnANUGB61QLzULxSi2jC6euMgew98GiTW5adelix4E0ZhcVqu0Ik0lG2g4VyUc8sQhDZb_rtdMGl1rnrnXkHRoKqRuvvSRpj0v1Z_LGNT4FqLlPIBKwABTBItQlJtkj0jxY99yIqeEIc
gAAAAABohoYKvVt2mtqkBv0jpM-d2qCikOSNxgU31q4UNWEIdfONVK8J8qTRQDi4b5Et3KSv8X7u4IYpSyjO-5-OAaufM9vZhM7PEuMLL85tSxxGLdx_qCtyUNYLc8CnihpQkze14n26rjbvfjlYcT33QxXek0C6oxvTgYuTjBT7ONs3gxqsdPbJDiBdCbeH6i3PkzS55Sut
gAAAAABohoYKtDKZTCpmsqfcQ14rw3zYypgStBKG4X3TpeqPaObEe9Op3jOndRZwWf3molT46ZLLSt1j7tY1EtU4rheNSJyf-PQMYDjmQhM4dhhjhb9fkMv8e622xWoPa4gFpeGtVoz9_pHuJYNnM345KF0ruy7vwgqLOh5vvn65SAGXkXEHeZ3loFT2LOgWib65A57mTanq
gAAAAABohoYK3D6mibXd23-q1hSVpb8ycgR_HrXJw5o074wjMm9rf_CPFs3ANHS9z1Ty2lgwJtH5z0dsIxa3fh7FbRBoE_dk7tgr66rm6VZoIK53RB4DTJZxZZAjVV5w___00eghXmGbEbMf5QkLWIbKy0cU-LHdjRNo5KPfMStuRxGe3ZY8R8OpuX9Q6ad3by-l6ON_JJvB
gAAAAABohoYKJGb4nsJVpA2Ei_UnkwTqPyhImRl0Ovmf3t_3Gkxj_1KUiOjxyI5JZ1hdO_J75Grw13QqHZeywfO1XclE58AjCCFSvyHoICutHdqFjzVSi_RIkUdUIj3viGFn6Pf7-7_VXzNEeia4O0Nnhmg-nB1l-9J9qsE5_UYkpQB2KGcQYw-_uDlehOHEUOkye6Z1Gzgg
gAAAAABohoYKD1w4d2YnnQlX4jZ18WCt9vO1Wud6Dy0OC81zrfm1YT0fcwppCq6I4pBplpZa0kyq5ysBzEwte2zhbeawHhz1Q6510GBKmGWt3m6GVfsnY4yzYvzmG8K6W8mkimeeFFv2KRV1_ZveoTbOgL9OmWXj6UdVG6lfDvdkIYOGoVS-_6cS9RGU1AgklpiigMfQQ9az
gAAAAABohoYKoZov8VnsRq-UdWttnixHlCS6n4Ep_JPo4bqlFctlIXMyic4Jjjq0PM1ZstvaSXoVe7waz2Lbe8bATT1B7LDlV_j788hck83gDFleKyAy2r8JJNJY8B65VoAgT_fkOof7GBk8FPRQO92ukkQ_m6NuTkem0rWAHq31BYT0Pjzdy-lEV-voWeA-Aygfjxml9kNp
gAAAAABohoYKyH1jEVcBrVfiD-bxtJBUgoNSYMzsfH8v8Ki54Cap63HBwYcWjQ7OsSzHMD4z9aDzyHei8T0-RmX7XIB63Th6sESFUvpKSt8Al4sfZMofTJAnHBELp9-rrGBltgjpDG80nNIe8CfmoHCwzTpEBIRg0T9RLQPn6pIM-ODWM03cpZq4y1N8nVi-dtXS-aEy0cVh
gAAAAABohoYK8EuuUbu4k_cxYf5W7XyJa6gN5RD5rwM1kuWYJ8dC6orYPJcbm71RMOlA6zS6Err26b4u2hKU64hXBiQbHvnlY-juz5m9gRaXC3hfEykeFWSyLHWEG477ixHEDUQS-AX7Ph8sprb1Q23P5ax0XV_CPX9bS4ehE-iPLUR7XQ8Nk3wUBC4PWdth4GO1lZEav8yR
gAAAAABohoYKgxqxA7vP-BBLws0Lj7Z8tNfaSDGOf2mrkGgFbINnE2rKr7orn6fHxm-epWaEseRhpfuXtIEpqsDyiumMLuHcF5NwcSRFqfflBHkIF3u_wnjX3Brt6VGWwksOVNj0-OQy_c0-z5v-uo-QWJiNJV4lV868rtE7HmKk57TJUAOOHmIYxIrrOa6e41r8uPW_o2RC
gAAAAABohoYKxIIT_irjo_hoTp1BJoAX660NGRBpr8Fov8WshLtyzb7MCy2s9Qid7ZD_LG79hXjAZGHDEByu1hPecwS6DKUZQk5pVsNO0Eukno9r8GUox7ALS0a2vvNQovkW1L0b3dvaxcjq56Fk8VGlkEi24n6r93G5M3-2lsHfhNqU6c44SvqlFxGymKkYlpd1yEXeBjri
gAAAAABohoYKzKyCBLNzW39c6FnBtxBcURv_Hb77pUuHIuxrjEX5I7qTcL5xBkavQ4V70ammsCuTEGA_W2FVjxamdvJZ8-d-koklC3t3UDiBcCmb0p10TfV-3Ql-fJ81na5DNX9AMhmO4TVpu1RhPkmau1Fts92Se7ZW35Ea8nJ6lQIVlMadgQELqkPJ3UPMXSjArQl3Rgjy
gAAAAABohoYKkXy_mdyOiY9LdGITminsBfSjtFKKxvbbb81zOpJ29gH-zhoK-10Vu9CvL9gZTC9Wzm6FC8R-c74xE_B0n0KbkE_13RxcnGhTr02TKAHTSCxp-rw2cW5mq-G8-AE6L2pzUp9iXf8jXspx_A0JNfHsTIkYIeOsIUKB93eGpOWL87zpcOuwjKXjE7OP3_KXDYCh
gAAAAABohoYKt0aS1TaI6w9i5kBY0Bee4FHTa7mpWPmPjHrlKo1IFq5FRf3vYekQfq7XXFTFGSXcUcxzK79HKx_WLW7BZ3Wu12qdNiiSicdlwg9uEE_7WSWmV2xMNjtvLsNOL8tmOewL34UG7Q660uHdRnpP1rzijhJcejab4CPGepwJOGQ2gkL6NPbllAgjapa5wY0XY5td
gAAAAABohoYKia0eoGjaNoWLxxCRCeZ4qV5bOPF7tyJ0qE2x2tQGil0Z2gJlGOCNApJlktXETm6YLAPlkr0qNWRLzb8aZSQBS0n3vvn9OSM3INxkBezPJm4i3YUYe-_cwx07S6Va-aeEYMWpkWdqJsrmX3sqWSjZRQQcu4u4gf8pFv_LytGu6Xf5Zzq3r-rcc-RS9LNqpgZp
gAAAAABohoYKc0AVSEfJxQZITRic_al2rf9hdPnKKkZ26oT6yUWUYSFHU-F7_9YqVorR5NLo4F1hBAjkrKHdYn7h8_frpKf2XxoNVmnAnVJ4MjSQxFymtSHx87q9Bh-fMj9wOI4fZJ9M87ST8euFSqwtMPWCVfUXGBmRMjj5CNeC75n2b3TvwITClddawZi_0yvyUNDnYf6W
gAAAAABohoYKXOZOiZGm6gPbspmSnD-m1s0MXdXjHayQ3D3Z6dafd4xPJNcfqVPuDApouZ5NYPqFUkz08dJT0sNKMmhXHaHA4g5_Wqn_rjLnRH7BJQOiUVjwm9cRks_34dMY55IF8qBVm6NTiRvRy6IHeiN0mSQD_A8LwXQMKHGUsLFhLH-dtk5NAXWLMinGIrJYt5jX3WUx
gAAAAABohoYKk00Czjki2vD7QN1u_ZF0o6zDTwUm9m8Z_6zQlRr1sG9zqavk5A-JRJOHwJlPYBwUaENzO-nhEIT6Cs5X4tgcTds3WmGXLgdVQivRh4I0LC_L3wq3vBWplpkLeMpHt-pYpIqnb6qo-4U68GBBM8AaicR4NHbG7Lv0Hz0CmblDcDxRlxStGBqUzHAsy1wVOdHg
gAAAAABohoYK9wViYzJwyOY-ROiI2JTrv3Ts1Ni28iSe-_AVvcwkObc-WDX4xuV7mGuE-QTfKGWJkEz9k12BLzvqWgCJJaSpH2MC4-Dk1CdAn32NdQPMWuMKAG9eoDWuWnOLdSf1WP4YtZaHUnSfMBSqfiICmwBkFacsXa5okNMaQ0I7YD1uF1us2L-8C0w9ytV4_VrJGSN-
gAAAAABohoYKkl2WJwnvoiVzCNL0sKuHfwZ7UlbWF_6OYzV481DIZS98S84Br2bedtMtacrdSbbMqeF30_ek2ZV_rqkxKtcXTGqxv9G6JcfruPnJrjrsj__doikKUAmnY4OLtJuFIwuooBXjmqkcbDHabV_Hh9Mv_r0UZSENpJ6LG_k8mCFOO8Vj7WTwnrWbW7gm-ZV85P0E
gAAAAABohoYKmKRaNokSScRgN9uSV3kK0KGczHRGzCc1p2WPBp2xbVCa3iWNYKFKJgMCQbCE0mtEPoUtkCjREvU2ZSdTKiQ6ySC1gAsiRVTMcRe-hoF4DBQctDiYhJ3uTHTVhrD9H3iXSiO7KdVFU_FnoeRetdHODcbY4U0nioX_CFYVO_TUIK81vlzmsB0iTJ_3r_9KPu9c
gAAAAABohoYKQsJAZL3VTMKVE3jIT2M3WfQJKaVDaK0x5IA558fgoyYZzxpg83U0zgZ_bPDSGzxV20ViH6zrHg_5ElfRZCt-niolIihTCCfGWQA9rozFYcbl4PtLgUuQSJGHqPi2fZ2Deo7fWEhfvSSNwCuisNCPPJmYgLB-0GRfbmuWKF8Au2mUuU7Xg2-q8WR68QEO5RuD
gAAAAABohoYKT_iPp31Z3tBHc6444iawtH05wJRJGwk6KOIjzDZifRhUgZmMR_g_MX-6HazezUfnUbqMMTmwjY8mcte5xYxo9F_exFU2YugRHWHXdEMQiEOTf2TSHD9Mam9HjFmNTuXCzmfBA02DLo97MfrqS1JSKCEOvEak2Yy2bWRqGMHULSWzplHqSUxouviGpW0CSpvq
gAAAAABohoYK6QQBDFhIcjOkLU_udKc5fRp49rSwLMEAArmPgK17szOV5xQ-fKD5BEJP4rAKAxb6eN7_dKOrd0Ev_DkLR-jRGMeYmsHSe_QMChA6AYu8ERE7BMxyUgF0gUmLOWEuiyCrpkToXeI0wpbuhSXidQ9puCeLyznsNwYcyWtt_fgwtEtRkGRN3eJQmXnCw-QNYm3O
gAAAAABohoYKjudm3jhC7edm6LRl8sp92Qq_LH3lEOBZNS8NTFVlcT6GA9rNB2dN5q4h1DHJ8yi8qsPFCJbSmLQqUmtbeS8XciDGrOnPBmIfp0Y9ZfQQljqToH_g7NWPca7hQ-jOTB_W7mjG0xwA9w8Ktd0BxuCFQFO2v7SwsVU0tZ4iMwagpLttHB9pwUGcjM96qaRYcqEM
gAAAAABohoYLqO3KZHMSArL2Q5PosD6WD6Rhz5AuCvLCsYKx4sHVAmXBTLk7b0i6Z8Pk5lCoz_WJTiFEvcxFesKYJ46SPlK0oEHMwoTe9BI9vKMoi6os4AwHXWvLx0K1K9n_pfUPyAROm8wjxlc0sEhR5h35Ml6qOCg241NhU-140Tu5nZfigkHGvgEKNDdsSmXyOlr0pvnf
gAAAAABohoYLS8eomfNgz2OiVbjX0oOlA_NW-nRbKwzvbtABIyhPRswfFPNS2ZMwm4u4GRruUXZ3cD0bhzXc8x9AHEhgkvWvj6llgkHv5gwHUxcg3uWXUFOaaYhl4ljJTjIqBs7wTR02XDAfsJNxGUNY-RheHu8De-uN-RhzJgsCIQ30fKQXtmt4bKqR9JWLy2gF9FOCLnvE
gAAAAABohoYLhLoPilnV3AFqKguxPwKoO12FX_TzdfHsB-IT22tY58cwPJ3DDKmELZ_5wtfhwhmYPIBDMa8xTS5v56aC9MhNNrvD9Qx1TZMpxbeP8rn3euu7sIXH5alte3XMWO3lY_ZF2nijfcAm-yRe1w-BB48O4w7XWV-IaUxeCltDbnt_66De9elPyJ8Ib1AqxZ-TDI_E
gAAAAABohoYLMa3URCzgaGHVUsXRTA_97AgD1GTXYh3GrSxBn_3KxQMPBfI5i4W7c-kNPXvn_AdbF1VeBECvsJC3o2ItCPCFX4DZtdB4ko38KatCxq51wNYW2Hx0TSnBMdIjEM7fnLhTQYv8YPSVq9r9fc1c-NCF4kfDpWJlnyZtNzCli4c9jdvTbfHAhjiCAvMZNGEzsG7m
gAAAAABohoYLws_MMBXL9jH5tluc4DMPAzM8ilvxtpPnNHydPOkjNMexABAHSferOH5zFIiA6c4j1Y3ffIk-bI9rAxvNYofsXbPvK7pdfF0iCf9XjSZmLFVokl5lDHD-vmb4_2xQq8EGEHILjSLyj8jItB5OQsqByxrzJmF0Rj9NRYbCZJU3GomFZcKK5Px9qF6gL86LDmed
gAAAAABohoYLTfk9S2iHki2hnaVmcyALTCZpl67wfGYwojedVg3FFpj43EbG8UiDDZHiRic-eatRryiSoJd4f6y3k0XA2VIwqCVM9CCGF1PyUph4C0bI3AELHBhx0t2VGeXOA2bqGFkkZdB6eQbJXjRgn2KOHhTUGUjROK5VpTuKu7M5DTaPnTo7QkkfJJhSBz0SfUilCHhz
gAAAAABohoYLkgW5opQFcqyHkbOeQazM-XsUr8pdJFWekzcepdV-38cOYpnqjnzR0NYV5ppnQjJs-0Bq1KfdEUpR-mz3K6gL6Qv_hUrUqltu9DfxKc1CKUjQOWvrKUsl6x00J4udpx2H3Kg2jcT7347nrt7DZCkhErhsVE6rHKwX-lTTJFCs6Zphb7B0kbTjDRL0fW-UiPD2
gAAAAABohoYLtFgm3GRgPy2-HasxCBMLnrE9F1-iZTA0K_EC5gZoDI3fPzhEfFXm5G4jxZECVLLIaRuja0VD2eXAwRuZjdYq4BfvGAPVTcNxnFBsxw4EQFGMzxjgC_v0SxDmsCgPutmgW9qZS6DZTCO2AH7fuGeUiqucgVzS8D2gYl_zQFBu2a6KUHfnRs1tAKMLZt3H5ctW
gAAAAABohoYLUFzDE-UNoFgtBIKUG04Kqn-19dnyoop5wslcRD1pmFR-UiL8rKTryqTomZA3bi0NBIZH6lhOwDPZ-GPwvW21O98WjIxPm2stATnZDAI_L0tJPAWB9QlHKTRchNX4bRJ_6SmkiSOGDo7WDgKwJzvqOs32so80f-YKTGC6g7b3JfwE2D4yRcyilRZcxhuMTMBJ
gAAAAABohoYLP5DfB4LCKlyfOhVavyYyJmg7F4mkZFnvLKWPXrnhkTC9r-KKwoJFlfPKSr_LFhujOOG5h-9CeidqFhsDnTug-lF5NOUIcfeP9wh8EijQAuLQ1RPiLNP1gIG0JLOv4fTtOumZHaSVDwkmzkhxyTtlR-y7Eaoh42xQl7xulAnKdK9DprV6XrNSwXfnr_qVnEM2
gAAAAABohoYLeX-2nHZjJlAxetM2JIvlaoAZvXghaUITdBS0MzC4Le1ILImYUBLr1H67Oiom-YE--0fF_G8rjpI_g_oSy35vXgbMgv7beBh9pEfYeO36OPhmaHNoIxTHloCSh3IxujAtDTr3ETkklFQr1qsh4negBjIK1eV15eTKLVBRzXq7ECL2KfEDMqG9Ywi1GuYnjuWc
gAAAAABohoYLSKUs1C-4aN-VQyfSV6c7qJb-Q02Hkdj7u72fD16GzUkdI3yPQzZa8Vld9FtDtJ2kbJBQYacw1I8KIRw0LFop9hOwxgWegc2ElDGPFwlNakGC6F0eMiQ0eqE0sjwAeAC6xQbE-PTp19EU0a2MJ_jPv1_Cb633ViLFLPkBU5Q9FXL919tSCk-KT8yV2t_bY5DR
gAAAAABohoYLt-8X-DwDOXtZ0r1eK05Yr28qcMnDxFgQlxTMKPS7pxWS05cNKKrmJV0dObWv3Kn8so1JPinz4lmYDm5jPwV70ss3XPxvFcqubJ-ZlsXU5oRIynGIkOAaZy5yp7YbRG3miu8KH_lIGABM8XtzfykpUQ0kSA07SCIiwayiNoFHL7z5Vy6ZhZmh5NR1mrP2uxUZ
gAAAAABohoYL9s4fecuZ_aeFdMU0wNVMbxbhQVJLRbSJezGBBCl3BedLtxLtDZ0un9WJR5UpRyPs_gqY4SOGO4H7yE3HEbs-JmHklupwfC-E31-L-3xKFTlzKwpVRlbsqnYunni7VYFWZsvmHYlp68OHua82M1Hp0cANICiGK3ZfTzkOfBarGHV_A1HZDbCJROZE1cuQkIT4
gAAAAABohoYLtZy4KD0Tp8_dqF2tp7ZoiE7AW_XZ2fNm0MqQ7oKln229qIxV3GyygzDgIQWCnDay9glFcRAAO4mWzdzwADmouPhb-OpMko0KOLnwC0UZz_fY4x8CgC7zrEElXLBHRISirkbmFr30Jtle5KGKFeN7yzd-87Mc24HtGnmEAvKpdA9YDlrL7yi3JMWAPjOpeRGK
gAAAAABohoYLcfo3REb_qHgQ00lnA-IdIoaCCZFgtegbTMDhGhKyQFLwINk5U7irAd_ofGf1tUN39wdngikIXB5U8iaFZ6eHYW8sXoQmpMX9solyQ0nf5KtZ9jL7K-O-GCmeBQvc5S4rxI8MAk0RCpyNq4PYB1jDD61iM5ECyfSMVizrAXANdzDUAKKdlAp5UjV54NE_exe7
gAAAAABohoYM_tPjoGMF9tQ5a_edgH4yAzxE7rdhQ0NQErRHj_Vho5WKwDfSxLbYp6-jyO5VFFPrCd4oRSU2gEgn6QJemrh2l7-XuEN588cjw2euJQkCrRGqzQvglsQeml6zrFlrAxmS9CC12yTb4MkfAofzBITkV4lKL-UbT74tEzbHJwejv3eNnf1ZG6o7u4IKoo4kyz0y
gAAAAABohoYMl93Qh4WqQi4jE0nm3CHG2t2_MVC5rFCtDYD6nKKmBoqMtaJq61uP9_u8wCm23rcXrhQLW9ry0Sd9rKPdCqR0cQjAE1irgARUCLgKVBl8zmPFn2T7KX_k9oI7viwwmNmLpv1thxiAQr3NfaEk0JVAWbg3jk2vDOiyXOx8_L90qzJsCxAGh8QBjFrsha4ddKRQ
gAAAAABohoYMTp-5_2fR9G-udUp1eowi5EBHV9UtYZ9qpFoaNBKlnIoA_3Jr9epciFttxexN92Q6602HJIclwyQt2TGS8CBWC3iEtvM4rpEvQZXktfXgDX7zyFxlN1CqGjQoHK7ZvipdjG7IcrP_g68GmC6KyxwdXWoW99WzAjWS-yalOafWJGZkcUAl84ES42naV7mGLrRw
gAAAAABohoYME_mTrlSYdxVC7KN7FaYsPLtnOD5M5PRqzwsoJbuvdxb-P4QFs9RJ7R7koEhfGEyJzAyZjjJc6EQcrzANO9twiqsf5LJFZCNrb_kEljTZ02J6Wmn3Ddewpd_agQYNFEJRI9FWGckh-4e-hBF-HYt_22im6uEYZulNsnTVObfJLqYTm7Gt9BPnTySdI6C-tdBq
gAAAAABohoYMsS6XAFt1o-CiryDB7WWnW8RkDcx5Psls-taR9oBNEeRKVahF0go4R4A6h7WrZFM14WgKKxndxUBk-r77s63Lcunaf2PgiO-3XNoDIxiIA79gd58i-CGJk4xblQwYBrwNQI7qS_htgwieY9YP7otyO_I6M4FsiU-s0TC85TTQzF3hWOnRt561s0O5vtRAyY94
gAAAAABohoYM4juf0-D-HXdU9ijF2vVkRGTvtmtUPayDZn5jHiFooQR87n6ekD1rADt60oyar1327GChxDP93zE7cZDxXXqZUx1SVGgQUvgo4f3HuJigdao8obEWJeBRae_V8p9MjZch4fOrvg0F39yd65rjhxo0AiCFj_enza-tZiiXicdh3AqOe98hiUDFgy1-UZVtp9r4
gAAAAABohoYMpHgh8C7_uyvujB7Z-DFVVH0xNrDCjqZBjgXPDD7kLfLUguzbtz1EdDRKwdk4TJYoSL0yJTJMq119t9MUTNkFQWObm4oS1j-Ve7QCt-zfXcP0ZnoGUoL3_rhgr2QGnXRRzJ3Lv3TS3mDNBRKZWkyF6jsMzN10Yn1EAzs39VR_IwTg8St7nHQhDsD-un_NTK6Y
gAAAAABohoYMbUKVXvOQDy3uXsTKS9Y7Sw-1GWTzj4NPc6bx0u20yeSAiSJjHvowqlOf-Z3Mp2A7RvubZj-Vqd9MQUOxXHqdv-x8IGdW_En5mTMv3kS0ZV9_6rW16QxHlqC_aFCE_eKqHtF-5OeCFgkkN2qYFx-AeJpoUwckNa9aLk1ovcn5NCSgBTNwrwFg1W4_24E9nVNK
gAAAAABohoYMo8zaNzxR50bH5Ruc2UEs764h4rnNghXgGIlp4XaEf6n5CDM_8gH0aJeeixq8SojZTYhHiKlJJM0e8hcnoXcXPSq5deXWX9JNEBlB8gTuT5USGfyX24npAAP-Fte3eRlJ5F5sHcVA5m-Di6BL7l94MACaVE4aT59OYkbkJbn89TaH6SkR0W-m1VB8iX0weTED
gAAAAABohoYMSzTemw_z7cE9kZpF3QQtVKcp8A8N8kPD_bsfr0153q28H1GWLBAwZvgf82x8R78dzo_OM7qDzlxA3CryAzLCUMYB_QAaatONrvRwzfC4EQa4gzhY55ib4ijgwCM8Jrwc05mrqxAbmswWxjRRISM3dXhwAmdqt2lfhfESjLDvT8DAWi_kTELWBOjxo6PgjOjT
gAAAAABohoYMBmM2rMreSmvF_zkp_oRpXiX1VKKjNv5t2Cb-QSJQJqtFgr_yd5yLasDK-in3wJywIVJA-9OP7yyv-3Y2ieup5fPzMGfSIYYvbaNMpSGVJgtPPB9oYgdblV7wYDCECT9IDpxJp7R_OYmet9546t-hEUmBgzZoRVIb1XOmv-QJ1bCfsGlsNsW16iDkbd0iNFwJ
gAAAAABohoYMuIq29bbpCfqjJmBossqDdriVNd0HA-nuHnJ4CYOzrkTDjlseOYUyPiMiKLx-UPXps-xqN5HoL645TF7L1xkRWLIuTNJPFAaVqr1BDVuISWd_i82hPeJ6f1oeRMVIF5vDAMpbke5VH_7KXrUhmK6eszY-aIvl8wbCWj0l9IrOZQGGhfXttjV_ApC-yTIIpTYe
gAAAAABohoYMy7EwBhmpHdrkgyl2JfmiXahbmj2LP4Ysk7od9zi4Kt7f10QRnSkYAnVLPN31vQHUvwGH1bJ25bf1kX-Sv0J7-C3_vkoiOQj4hqcNZwlrj2M0nQrBMXR8I0Ubk73yMifXXwgKXnDboRUsuFeEpoIJ8XwbGi1t-BrnlzdXsZpNTlaVNW20bAY555BWTTsgBJVa
gAAAAABohoYMQTR3zawGbNAgG1DaNBrTZDD1-nRR4hw3N042gags4YAZKy65jhMweAt4FJjQlT84PV5mTn9btFCpi-jaj-ltvR_IfjFosBw-IDM8oSnHpPkyPvyxl2-Fy4sCDzhtlYrtSoHy0S0PTphz9IY-efc0N8p7ObFJZmlFyTnFOajSivck6WCicJcqYsztqVf66t7w
gAAAAABohoYMM5Trxf5JEysQiHOJWG_aAyiJNfjSccgQeTBDn8-rOZK5xyLoSw7EBA0xQQPYCfqmRcJsl3VwplMB_njiKhdQ8KNi-fkvNAJBSXp-plL7x34iNw9H3eNJBLfH4kE9CcPW3heQFnGyvBsxiEVz17Ih47QmuvjT31c06yz_qaRq9pC1QDcwpnh11uZgxOA99ZBR
gAAAAABohoYMXo5_Go-QyfQoW54iw6FJxU_6TP-yaW6EWFZ3MaTlKXK7U8QrhhyNOIO0A1KE0Bsu6ta7JlJNMb4SblO0wEduHlnchw5VeL4iogCu2cfjNv0xyKJLuesMgbCFyhCDq_SGuOh6E9aMjI0AyT0HxG3zHHGl4CoReeV2SpL_7GtYrBfoen48sney4rpXeRFXHTRU
gAAAAABohoYM0UFiN0TiBoHYyyCaDGXZ8_HSVzJqLLDfgaMv6YYMuzRVQrYEaiIR5oeBWBIBx8rT4LS-KuQfjT_nBTRNelW5uIM5DPttBurOixUMtfTo9eYB9SQtdJ0qzMqAFJnhhjY_YiZpykiX728dIjxcROWWvZ2Biy-HpCmeW8QcapLb-AEnFsB-xTTm6GhUYjJSBOvz
gAAAAABohoYMIlu8KrGCAQxQpTpNbgilA4-ND2ghdLQxMgPQchZ9voePQ8my-oLB1DWSgndHyOeXGaYztDa-fekZ8smijj5eduDrk39KbXrK2eS4LMAYEDUof6-robcT-To37xu2SGRzcz9xSYWpRbw7eT7bGqbp2212sA4Ltw7RzaSt9HskGmsIurGR17WWRZDMDJtZVGwl
gAAAAABohoYMC8hAnbd3YiEHjtG8sAtNQeE3TA0BVaM-KiZla_DGOmQWF-2XDCRimxrpXD0LgXzcc8sRbJPQgctbJys4hu0h6iFFvFlX5lep5pJOYB5Csj0txt80VJszZkNlGC40AdQ7HnKKohNopOe4JxxGblVRAv6d9Kux9TRwyS8fZjNV5C2ckHAIneTD6qIboa-tk4_1
gAAAAABohoYMwwSPe1TXwKkk2WhR6LMt3oIKxSLVupTNZQ45smT8qn9iwri0mvRPPneVgl6Qu3zSvJEmS9pnnOgCzQjGOUwtqbYrIvJgKwpTny-vfjavbi-r6hYBnLTln6UVIivav0b_vlfFhan7hfY0AEwzUfLI0226PcinM_DdQrN5EiiqqdPRdcH1fPykoC_oRb3Kevcj
gAAAAABohoYMBGBojH2KSlp70mWWMMlgCWfVOneFYRicoDOzdKI-la2W3syw-sKBzPCreWp3wNrMqgBwhchF1kIgakwkf3jcADfSbzX6V6mrHh6o7Um6asKfM964pmAwunlAbUj_of7yF0g70OeJj6yH4Tn87b-g3A4XTkAONwpuj7yHQWsuKCMzunrA9zUKeJloGgCaNnYe
gAAAAABohoYM0B8iddPfcHJmXWFFEg7oyxWb0uJebg0RcdUl1UpwkSQhfZz7-GBpLS6wbBG8FYPFu2d5YpsIERULCQof6GftFuDh3F6IYXWmXmKDsThvGVNViOVnU0pqPm2k7rb3x8tT9mq_naGcREQ2C60v4u4rPuewRmfDqT29_Or9W6dOPthOe6pGZp4EplDl2UfhC5bP
gAAAAABohoYMeFT6Xnwdp9tE5-mClg2g__cZqqYB10rpnaf_xD4S3SG6msio8bTLNWU4FhFaZziu-xLZbZG0IB3CppeqcktkVzlrxL2jUMyPzvOfTDH-ypnhIqBrberVOEQP3MyaoLOtrqSTYjPBDPJLje8KJC_MiBGfwoJvxvvyOejTNTH9WVOI7CmlddQENbH-Zm4o3W2b
gAAAAABohoYMDsmM6jDUsOoO07v7b9mDTQJaSajcBupFoTSUa0z_8C5CCqg3k6_TlY04a2fOejABjwgX2FV6-NOhDx1e2rNlP458gm53dg20i9Lx4_bO-MURRtUu1Iq0YvnespZuDZ7cuuGzFFgvf3BBSiwGT3sL96Z5HnxiFny6JNro9UpKasqrVcnEpYTix6M-kngZl6Ka
gAAAAABohoYMRAqeq2G0zxpUWSQ1S0PHfZ8Uh0VLHLKrwV8Z6Svsz1l-VelA_yugYCtUQpkfYOHWKcVVB33T7qL2_QLg-iuxslJFh9m2os2sSuz-B8xA71NB7RhSX4--HiE_Yp74u-mbrH9N4D-Lbs39JJa6ivX5jPxraOKY800g5IkOYqmXPMIAhJkePSDIAQSniUx9y5lL
gAAAAABohoYMxyV70WGWzBeLfYX8O7y3bVY0wtrDL-Bsct3nOejPHdRKv8pXXuNFh-vdh7bIZLdQXteNGpJNjzujvejSLuHxcBd2EeFm8JT8CSxlMUmr8jd10Y0d7tsT75geqM30f6aZs3tIDf2icASu2cy9AwcUH6tLayMprQEwo90j5LE1VXjIzB15QlWAS-if23Ts4rRQ
gAAAAABohoYMuyA-i38iRVOYZ2Aa0SknxJbk0TPw9-acHLJEEFrsn_uagflBFKSzCrv1MFEQX3CUUpgkhg6UIpjFk7qDaFZ-VoHtz-UE4g9iIiE_1eKtSu9Tj8LhEYsMqFHcP6XT9E9M6oWWjJHNV8PpX2LubkVD5TgVLFvg5IrxFGGJ5penx6K0ptRVD83b0aTCcYYL2FGP
gAAAAABohoYM5jd21DWZcKHXIdGLCLpeu9iP546QoU0RnMSYQ7jFpGntEO9WgixJ4GbxQbBCjj80K6qMIiAS5Ny28ZAqggatXB2ykzItDRgfIjfA1Gnh9CsDH7zmg3zylXvBLwPNvEyMtOlP2h9qNDOwtAtczn0Tbf9-s3zgigW5SmJ6gryGi-dvEDuzDaEQpFZQUQAwRnZU
gAAAAABohoYMpXagPgNVHFSZaoZg6msgzUTjnMCC0rGqyazy-YpumNlQilaTbY-ireA2rPqki5J1aIhMvScNSUjG5rNPIzNEtv4_a7KS3m20lgPSb0PH6wn3KRJ6mRaUMYRZD9OshOPtGabxaO-2pDffsvmBDLWLVsvXTcdSDYEzYVTIRSSJiu7L2DUMzPdIuHE5UiDaqMoL
gAAAAABohoYMZT268zCuPlFfumstrgSPMc8F3xu29CCUk_2K3OqcWxNq8xDbse__U9dgCbrEmWflv1XdwlogIQB3Ark39rzIFVlXCMaJWdHxNt8u-1YrTaDF0wWc26bmYibx9bUEKVuMlcARBdEnSrahp8b6Imh566e288W9WPFcJTjClVhA7Y3SSBoTH9OyKj1Qbh9wn200
gAAAAABohoYNieOyHX4oypHrbmI8h6w9KkoYkviFvIZXhsn3UAJTLILkKk5eqmDkOGK5QtbL3ny0blI-kiIvzEApZYpE5dDNZ-yULjffzFAxdWMQY4Gv5U48gmfmFeiqkhJVRamI8T6esycHuLTHkP0mEzeE7zhqgL9tRXbnAsE1UDgXb2LbQMoadjgADmO4hZ9YEGLJNzLa
gAAAAABohoYN9ugqxkp7WT6f1q36cFxCA2GTVA23iZ52_hWa3RX7CV7RXgyvhySrR4KTSTI5tIy9400dqfS-LLcfetADrmcC_9LtsEiNPqvDmj2Ph5BC3XimWJbS3MhEVB0jqPOXaEMlpJaNkfoLLl1Pc2_KNOZ5xJC2M1QGgGG-wJk3Hej6-n2J2E5YnBtRR3gimBeR_bIn
gAAAAABohoYN7h79QPlyeG9TNGTW8LloxY_dGJ0tPyJt7jYKru6JiOkY518r6gyD_4H8SuoCFWWKsdYP6ShNI1QcKTiUl9jpr-ikFMosn2xrT_sBWHfycAniA1RRO6c_hquv0kUNg8e-_gFLbftJtqMqThba4ofQfShRZfBx7ctQXgJPW2lepL9mQleU0v8Vek2j7EWsK4qJ
gAAAAABohoYNIXUC0_m8wzyXGgeH0J2UahUNDZVJiSwp1pVoRVFG5d7_7HORw4C96N8NJIK28ZsDUook0bMIMFEe7Wq6mz0EtH9U-MslINtu_Rnte5yNpUemHNbIbVoYy4qqySQyw_xQORt9e46bSxnE6x7GAcJik5CLHFk8TEPoCHLW6S4rJd9_0uW0MoRl4YC8ODqOco3c
gAAAAABohoYN-FoA5r9gKPQJYkO3p8M0iiXa8V8DewXU5ftYATJjXxxYmUtAVE4EIXMRLQWQHEDgbaPjLIQtN_pz2cyRDP0wiP3dboq_7x47FSd9jTUdb7xQmodqSZ7-gq5bOfv9eIO3ixoeal_RaJw4-KfGEYjNsiZglx4PxsL2z3llz8rVoWLoCXZduXxS0ovWwoG3TM-3
gAAAAABohoYNVTCQ265nzIWn1nWyrRniA9aYgQ3JaLpnXWTKFioYDKws3fgMxPgzcK44hbaVjIbZku_UQ3tqkyAF-BEPJM2rmCxXmq3U1cZWIa3DwNiwS-CMnkLW1DAs9CWc8zCbS1dgJfB44GEVV2DJ24vuD3vrGZCOsSiAa9CYIYFt9d4mXQI7OmLDabZMjJgyXHxh3MVv
gAAAAABohoYNEn-EBHlbSBF1MgMGRQC0uLGLP2NQbvpn50vcAlrHe6HAk9_i8sVX5P2k_9k7SpC5BvQ7zSQy99gjWUbUNtJcMNV23M37gZNppp3ZwPHyPlMAhFKytRHvGWYVoFcJHjg3-uCqYIwqOqibYON8AqrG8MKeassfYtDuGZk7M2VGZwDWdaF6ATbCYxnJ-thb_j0e
gAAAAABohoYNxOQyAmK_1-z3hVcHq5P-Dc4331PRAAiepQlIjJm6HruODNDUMjfV4E_CAobCXsUBUoOTvgEtAbvZyANp5dkzzPylU0KOtuRDuJIRqlQtXn_1lnxgUveNurrxlRJ059lOEVatAxqz_zVAJJ2rk1OG7695Z54cmNNKF1xo1OuO8n5BTOsl94FICo4rPh3y7NTC
gAAAAABohoYNyThQKnJwF3-T57bVV7-TUpkfvgjLEpXyKkgCahqio9zx0aWSOuMxTwr90IpaLLBpSJucqGp5gQaUp-2QAGXEQAraym_-iOE3ui6WXsct29ITbS50HBXqQe3ovqbEz2JOwRUTWUY0SG9jYCFs4k8KGdEvmKEuDo141p9seTKR9YfNLxtSK99q3XhpNqiavmCj
gAAAAABohoYNkYQnZ2jRZpiP3dz9mhqJBuzvBC32ftJ9Ibx_UmdiCL0Aw3gAb_0ihMeOFbXIHaTK1woq4vaQLRA_EwWAu-kK97FNeQhwwP0ZdDm4z8tjuGRZPA8CLU83Sc6gsUGvwIijY-hFeWObZwlTIfll_JBfZf_rIb08l_sDeBjEkH06Oqq85T_kbG3028fg3uDKsy4y
gAAAAABohoYNzoej7eSubrp4q-gZV9FWwb0okqbyFzEEKeUxBoxaNZWn-_Wub235_WrpVIkvuowWR4VXpYEPb1RpAWhOLYs6vs1hJ3AhPv4bKhnZawQ23D8vGfp1Olj6eBMl5NNTRzmM7CDG2gmUPGDe9qVEJHyaAAkZujDe4mF3CDrayJhscfbcRu8D6F3mBLr6Cs9CzHc6
gAAAAABohoYN0G3Lz8iDfnTVhbEAH3wN84_y65CUJJwyaKNg2pMmI9H323TegZGM7lwTt9zAor_b1IwnQJNkop6BkNe64beKoeTi6gdXvOn3IMyik4lRXzoXZesrz-BNRmsxuBQ3xXnbXAVuTL9mbY4WAlMJnuzQbhC6HjMwn1B1gbARLn5OKaOwoU-meVyLwo7zVX5aHNIY
gAAAAABohoYNE_c7uykqgeQFfbqVHBSguRBbfnXi1MM7hH3yGReAjw43685Z6PAxxG7WyTu25XKPWY4vHL4YhgWTSKfP4jewAWGuJ6f9cxka0wArYJjyXnZezuHdHjHrcXg3howXH1-pdUfjFskdrImr9PtIx6JIKC5Yp7HSMKVonMGOjU3LH4hHPn2UyAPRqS77Fj0d7mNQ
gAAAAABohoYNtoOqHtpgag4mChrLVTWDCW2Vl9HLd0VbMDYuVPoqApeZM5CbXoSKPMmcuvCSMeHErsqzd34fZ764_tWLeAbEGNxMbZSoLBGuXgnQYV4kUZN4Le4yzQlc-9TlCYBvAldIQAtfKYmUwc1qlqfQ_vVrPr6ABjm7G3swZIvc7kULH3cL9E65XGo-4IfZrBzZiwwn
gAAAAABohoYN-aTXYHjN3AQVXDS1mSrlzo58xYne1mgREZQLlVFcyllY70zKkl-y9cUZfi84PpViWaLprBYZPzeevYdp6LlYw4oVZlQqxkE5S4FmXR22ZwzMdEKKSXGkeyey5C4LOk9bKy14vClQdyPX0a5TzrR7im-BGO5HE3ZbG3DU9pdS_yaqlEO4spJxCaOozu-RKz8J
gAAAAABohoYNkrWE-uAl7H7P4UWbej_0B9KJ2_giSiS5iZADtGsCSTR2YE7vS4wYHZLPZtl-fjqy-43LDVnQSeMoXdciGLIleOvI14RkMjJec8mX70KoGXeUYsnVHLXrgkcJgm1m1wLMf20J7PtNQYZ9w_tws5GwjKMba3olBwHaZNeJz777jZRRYJd83JL8Ee6yPJZLZD64
gAAAAABohoYNcm088ICe9nL-Py4WXc9gxuo2c-mH7beybo5404AOG7Z9JcTDAG7bScXO6SWalBjfkrBjvTN_wgnF5zZ9ztgnbLcHR_rAOSah3Ay1qPI_Dm3wS47J0i9XcLqQuYRav5Qup8hc2aVeDzoG9Jb3G0GH0k5-FRiON-ZLSiuo8iC7ZXHYh_S-_RBAPOhSwp4jrLcy
gAAAAABohoYNTR1AHJnfCTQVNec9ROva8kSNUXdKa2kwnMEq0Kbf7VPQ23r7Sv_0FHAhr-kiJeVJqtDvFT5x6EfI7eW0bpUXuEH9EBo1hxsy_7snarZlcQD-0ftLA4SgcQch-C2wj0hke1aESpFgoJP96N2SEZGcB5C2SCEWXKa-bc-tniK3GsLLYF-5fu9_ND1_om2WEUsT
gAAAAABohoYNA63bMkJ1EuNo--kMxlDyhpq7kwVbUHQPdJs4l0gJy4ZiCcROVM6cKADo8l_I5E4OpHlEPAtcejBHpJ3b4uDcv0nbWXufKLPQmnrJ3X4Ml20sdMpQ5yLVW7aPlxLApdwFXA8AtRdxdTqb44d6tik64nDR2t-F7nrbxBnip21w-myotjzdrJ7Y9PD_ShyQf9XP
gAAAAABohoYNq5rtEgbkRTa3pXae8KWvQWrLSvSTY82RhPSSKf9fqZ-u786EX7iGO_RLyV5eWfjPvklASLamPwebn37yk4Q1jGZK7pDR7ussVNNIBfWn0dVF_pFzhaH8bZPUQkYmgBA-tcauOSbDjSjLn73TM364ZcucILq6bEOWzaUkWZh1jzPm_bCo3DITRtaRkAyRK7lj
gAAAAABohoYNHPDq4FV4Wd4wusRTsjpX2usBqrR6z0T1rZFJrQFPxnfXf1EC9wfSFjBmWBlkyeyO7FXVY8OiQJS2_ISnK5cAFltylqdnNQqzi-xZz8yT55M0nvcE68Cp465_zKwvkJC5MlROkNfucbIw65yLurm-dd2m4F25hk5vdOG6RRrOTbmpP69rI3NUI8G75DrSq0Lm
gAAAAABohoYNcfbdO3xYsKOfoNOgwDD5XxG3r8g9Cl4y7FREwR40VKN6A3knPU4X4BInKXQTHwpb-1OaKTbKyJc74HVhS7mFhxWuiL4Ln-_VCVkMSPh7RXg9wDDkL2xt1n6_lcq9n-KWyzphcNlcObJSS3GdAbgnpqnvtBFJafyDdommzAeWpburXnnQqgqlsyQ3oM1h1S6h
gAAAAABohoYNbP2EBXp04yYgoHfq6J_KbvLIvMteh5fTZXkJhd23mpiG7nbSeoqMCjzYVV89mVRsul0DajeU4zC9yh048JdFlu2ZP_kDNykUJhG_nXgiZJ1p59itFxjsB5GKgb_Y--cq96VAAI53SwdHVMPT6DIiC5qwjwiYJqEyrYPOG1JK7BVjlJEC_aF6WC0q1xG8PPQ0
gAAAAABohoYNF62muMeJyiXU92_TMPpY0mZteZ4yp3YBstatkTv-N5cUwAak2kyizrviqDwaucu8YtF6iqWd0R50rxFO5dj8v-AA2aCIk4HkgD0str6dLpZ5Y3Ob_asojIthZuuejM1r58l1_geMlTrPD1AORC7M573fK3cpZt4G4nU9OGaZL9jByzBM90v9mQQFIgYlNsP3
gAAAAABohoYNU13FOBdrnEFaM9J43xC2OxKvgbpXnxKem1TnQrk1to059PYR6H8mwnes__kNWCvpGhDeU9k7ddx3BK_8exa8xaEk1u92Sy7Npx0jwNCMtqKPGdScPgAcwKpsy3CzuLwJJhIyDT42ZZ943WMyc4MUNdpoLoC6K2wywoiH_L4VKEO9J3X0T9i0ZgJl_dzgtmqG
gAAAAABohoYN7dP0ASNs7HNo00xHrdD_EHjOGiYuCEGpmVr8zhaRrQv7-cRGJgzJ5wd1DsU0YhcRuZeRgykGLjRpkWaw-YED1M9O00WVQefBxK5rmDzQrxyASwInzY_yFZ5H9RWMR5AM3LD8FrRivMLP8fUStBR_RIguwHgsV9pIc37SlNGU79QhR3gKwpzSkjr1nKfW68ye
gAAAAABohoYNq8fjyfRJ1lo3xa06Ph1-_p_6AzvevqtP21IQhqYOCyxSPffxAzNHO-TBkiPEtSAd3IPKyuuW-uPMY_5-fxsTXU20fEdAR2gUPLc78ahH0t1pkkaeNCQHnGoQYEx1m8M21cmZU-GvFVI4HI2XnDQ4y1mZL_a6zk_2zZQ_DOukPJsXgW5EXYelKjzSJPh1_9zh
gAAAAABohoYOmIgItxfVukHT8KECQSxwZru9IqghiZ82PMjbiMSNi6hMh5y393NiyfgTGLZooOaCvXbVgyupsRLhWF3O9HdDr9Y84soCJ0pQR7B_qSO4EV-OVh6kBZb53xhLx5Oq9TSAujvNkkhUiRNapBig9ZD-A0c1bV4I4CcgjjsrHHTbUb4EQSS9rxqcoP-l17sX5g4h
gAAAAABohoYO6cJfohIO3Ce0uH3E5HeIXOilHiJAcXkSCgmCKEdPhJia9UFUrg4wOkA5P9ZYJrUtqItPtigmhE6CwT7okzR0CPDoLzZEE_olyk6J5QEuNipFrkdtdSYsOQUp2gcQIuOb8gkgjR2pP-2FuvNO2GgBpCKEJJvKN9zzD8Cq-9mbPlRQqsO7u6Myf2EUudfsARJ1
gAAAAABohoYOTGrWaj6SO6eR7zejoCm2DhAikLU2puupoubcznX4WtHr5mwRe3B_4xBlknEeLPs6Gu8C-syXdyFbzMMCNLOfcE9NiZznI7aXSv2BX-XL0qc4ja6WU1UB0jY_oyJyNxy9lFYb7pdjw3AgNatNoG10ZZIifkIMi1eEVtTliJl1bXrMikmKfoCCJxi1o-zpxQV6
gAAAAABohoYOsMm9lZzcD9eQDgZ_RUoMi-UTVwt0S5a5ahmfeAGX7ilhz_YHfllYLhU8vzitGUL-55cxozUp3_S7y0UID0_eU9JHCbkJi51E3zLG5QOozbO7FawVQM4AFrThqtS6Ao25C_0tpLtl9aSEreIB8HWlIn7tLHku9giDnzsFAjPNpv1OwH_JboelmoTEwK25fsDa
gAAAAABohoYOpF6hdgZhQZyWTAzOqO9RU9vKzcMPbWnrzpWqM12QWHFKWPuRSgvn2_sJ00NsbXW4EPZ4G0vxV2EWJOlAj3S8xZ-0OKu2qE6MlWNLGxZq7raeMl6ygj8OKB6gO3t1eMJq51m8igHPI8hdKn9bk6jEw-oPz-GpaNxcDcIVcZKV1558xjogZ1x-vcCYop0HT4R4
gAAAAABohoYOfQctmFe1jLVE5viuSPnOERA_qUYI9GABM9y052iHei3OrmdjMCXP-17uX81WnAUqCc8I_cK5wAWzdEUQLf_m29h5-kAhR7LoYHdvlyUG7uz6-6TjkhBhgVkbLLCaAw2n1w4gDs7ViwOdGI26K_8EPAdv6EweNe45g7UPQYlHTIptgEUEaA6uci9zRfgdtC6D
gAAAAABohoYOI_gxVdrAoneXKv17_gKoip795bp1JDR-b0937N8CE3e6VmSVJ5ES1KofDeTmfRDtQTO58F00i1Z3yQZeYJWjk8pchAezZyfJF2BcxuooyjXD2GiU2iUFBX0uIwtYi1ehNJSh0RbpswLPK_UBREcyRoH9i-0ECvAK7zvw74DTzqWJShg7deuQ4jeMjkuTf5dE
gAAAAABohoYOQzOFHac5g-nMQB7Sr5bg6W9YIXMyyMApbSOH1jrsZbn9KE_v-OR0X8vLYFxEGVgUvI7_M-dUCPBLBsHR8aCdaVSDGtlSDes7caMmTXkWb8eOqF3b6lQxf9locPbiPDbUEo-WPKBolO33SzBt_FfLoKflBQ0epGnfj2wD91fwMKcJMo21OSHWg2m6OFOOFu-0
gAAAAABohoYOeFyw-S5SmQnbVWFn-Rga-1cZM9mPY6bBSVkACoSHbRZ85fZVaYroYJe-5oJ0c4nH6iJ9201yqmgpVhwN4nDdM_as3SPlZsJhNAbp8bojCepQcZln8hKUtuwO5Vw-GbLUIFEz_WGk7v7pwjL0DCLo49ApcPDeaSd7kTKUlvDZYsffV3xoL8KJLlDiwYLK8uEz
gAAAAABohoYO2k8J0B9KC7XfV91KcNttReaT7JN8qC7i69kk5ShOMJXhsH6wLFNBSvezvkAd5QmmObAeEIO6FpmftDt7BEMGdE3rH3-2K0vkygA1-D9O3MTYNxKEGqi47NLanJbbuDLJCyLpKgDrT8i2tPjVrWX_X_hEEbvL0BtQgy0mclF8eep4HxnknG3Y2XUbDdLMKyrw
gAAAAABohoYOYE3_NmOS0eLW1ExfewAwNfetnRSjOfTtrbnh7VZ889IvClIXDp7V56ZzocwCN_r8_t5SnGRWd4Ro2PCcp2Bk_NrirKqB0eSOc_Wsc8ZC3ioxOtvEoDE9ygjQgToQvmGCn-AYgYo8UGUh24R5ITfZUzbcXcaOGrAE8axglo0SfY0jHMpg2TgwGBDeWL80kUyZ
gAAAAABohoYOFB4izocO3BBC-cuDn0C7-A7JBjJxE3gTZ3buEwLATPYhuhcBTW1GqCx9-yQkt59vlAUzV8yp1uqnXtsop-wPav8x3nDTpL1GVL_OrmUI2xXSGgWULW6bEBkVNJ5dN9xEvUqV5mv6UH7dmV6NK1RK9rGFcX5H_utTdMn5TqLKfkChd8-N0Sb92u2DyKWLA2ku
gAAAAABohoYO1im6yr1ZSX6pVkLp2vWWy9XtHfHCWpzl7qPsqjOPLkYj8v2cP5_-LM7SJaPKmc_PmvJN92vvr6TTaOeUdLkAtgAVr2zucugCf5tqiLj2ACe7HXwn0qEiXVu2G_Ren32WcEOvOA_3otr6Tu8Xl06uLHrlu7i0ZVDArSg4asprnnRRVTvYicSR2Tsdl4ReTLwf
gAAAAABohoYOzTBe4LTnGlDxbKMYnG10wDD4YA1Rh17wnqxyn1601WBcd8_TL8nHSWNq7bvrqdZIu_QWE5kpuOZMnfgIhrgyUk8Rm3Yl7Xj1uAM8_5xgwFNtt8zHdJqtaC_RJBka03lL8KrLI2Bnw1TWw4Sfa_OKdCQmKXC30urKQlvy0YI929oTEYrgDC1cnroBcage2keh
gAAAAABohoYO_8ffHSs1keUOqoJQ8dmwIUaSUp7iyvt3704YeAhOeD-sOVK-AxEvmWO6iHEeUzSm1r7KX9almkXAAcjJNDjgTx00t3X9NwJDfAedDeSbejaXrE76QvOyGfp3V7Gr1V_F1QGohKLAB1n0aARcztbCxM9IceXssBULtu2vRJLOe6IsXnYKMTTWIzdAq_XVMYzI
gAAAAABohoYOoXqxcgeXAFm8qW0tAlEWjGFWGWaM-wDCWUFU9C3WchC8is48CRh9HnFY2RAsk9joECjUBUk40pwCIZL2SBONKkrG62fsvECQjGKPcDhBzkDbr9WW0yooNZUULViDN8BRTD2CUVCFl47QYTtAo2JZ03qzn31COTA8ZeVhS8-nbtngclDuuug-iC0d6GLD2v-A
gAAAAABohoYOC0wkWEK1IZG3XXlXCF0W9fYp4K93XmdA2YrAR-RbV_Sclv6Q---06mnut0Fiyg72SgRNWZHanGghNZUtcP-FAnMzLm58nUG3ihJUL8tANd5U4b_zkakhvwyeXeSTYQPn5vMBuM2QiDLFFs2V0A3GKvP6gySpG3aNS49DLnVzT0EUReRo6ZV7RbeEL8et7t30
gAAAAABohoYOmA7SINQVqk9tN13I4HLyet1k3s0PU3yY0Wej7_1nWP-KqjU4Xp7Rw7z4ipFPf9ZNKg1yPt5u5qz0SryStoS1sDuq9BI-72JG3aiq-t81Ee0WMfnOWynbMIsElZuP1UNlZh3JJmfymV0I31i1JgkqAd5dWHeRfRIo1hJHxgg75aayoRFJOld13mghfVD07f7q
gAAAAABohoYOO4MoGGKEZR7kDIjMG6OGXahCLCgGx7-mIqizw7h-uwi4bNK8QmOmB6mkKaChFcN30S5BcvZDifGV3Mcj-Y6IsN4VTb1puZJnSkvUej-x1Y6Fqie6JqDREVd0R1_WlxtcMUWUPOW58jmN8pSfFOM3gZ9sXhNoiPTvO7XRbuZNCR0rSGgXQyixbMCUOcOizBGq
gAAAAABohoYSifhbTYu6tFMEQ6hRB48DB4bkjKkYpxtNeguwTi9vDoLAda7yZ5Gjee8eqg0dAXSpurOVjPII2QQqrHHRIwLlmYy41Im8PEhOCA58KnhXjI3QnmqC02pw-52oG-0cdOzfJOz_yQXoZhGX0X2uUEm3k_jPIJhuuKrhHu88kV4_Kb0R7piB03BRr531fNX0ZpVU
gAAAAABohoYSI1h3YO-TGEcCqMM16JIjf8WCJD_mFzxdmPSAfAWi_44N_5518r4G5eQMIVkU1_xPEwlbdo_JlilINeTD_ON92bd-sS3_ktYcywhpJCO-Mb66fFAd8JE0odD6ElwceJjs6uGU0nWpJAL0hnTFdRg7ctMuD-URKYc1gVwCsRFSUzgPyxiih-wz1t3dy_QwFDPb
gAAAAABohoYTCaEcBlE7nHib5LC4k4zeZ9YuL1qP3nkRWj2ndaVPrrCYSDPhEeJiUUSfFcxGV6nO0fYGYsEZqZVfEEJhqYkIuHnSa8VIzNdxr9TASRCdrOPbWpsNqysFymzbw7RUhLove8MDNT6r1vym4dtMJd0smSjWK-YhehJN6LqCw0ef3qxzOv_Feu2TEb7kPpNPsxaE
gAAAAABohoYUvrII4yZ_mb8PBJWOvklO9MObXzdvI43yPFkokiXd1F_taCGLCgUCFjn-CzWb66uTlFFemczjRo-Ebp-i_iTPsTychkRrxOFbY3nRZCytoAs1juWEu6GzYqY5nJjZ9V3eUljHgRduQ2MuCzPnZ2hlFqzWmJdSQtbY7KvgEQQ125TPeyHTtAs_HATjrtGyY4H6
gAAAAABohoYU9TBe-4sWs70t--47HvHPrEFwgPHy5dqkhHBfIWlNaWXwf2XUgyCS22njUmcMsJZEA6r_nLPWHxKrp4Zdi2F1M_UGScEFnLUwosAj4dxc90DzMvL81cZmRMx1jTKhkebsG1ZQkC3Vdb3hXROfpsqPbBX5OpsOvccsHMDJTlaMUc2Mec9uleZ5-3BXyDldUckG
gAAAAABohoYUPkLmbhjYvqFBPveNTWEkHsx1LTNDCOP92-12JPRb75hvOXp0wcjJfgIFOVKr_5YtGKzqQF5I2Ol4n7bfIBS_FLodLdcj2yf2q-iEh4FiC9lPCPPgv3HJWCe96m2cQqxvIMNzNEE7xe8fHaBz0PcN4XvnNnB3J0elZ4hPBMcetn3oFNZUWmHtIVskAMZ11eMe
gAAAAABohoYUxaOd4BbIt1QNsdq4L9-l50pVPM0xcFC5nVxA2J0EEL2ST5ubJnDEL7vqIxgFUsXRRbWQs8d16nXn2YL9ZFWAgU9fUqq4iPwkBR9Op8wzO6bAyQIJrNb7usew2sfg5oHAyEOmD8RJfBwKyOX_RoTEaWUusSLkIy2soU1I3NnqLoFsFvPu94gRgfRHabJsm0Nc
gAAAAABohoYUmvToh4K_87aMyhynliYRS-UiEKyT1122HPMIdxs-5N5JIqewWR6hhJpDCYb5RFq9KggwiHW7vNgvl_KGJoeoJlwzGtwvGAg88L9d5S1OIYG11y-2TfwOlYkRAa1ONZjFMU_CQ9A57HAJYFnVxbtbMZMUlzedpDDcLb5QekYzyIA-wK9DFCy_fnfKQi8EHJ_9
gAAAAABohoYUwkTRP42UvvGG2k5P8sDVScPLDgZGBtEGSlRKqDZW91xjDc6LZI_jPCqWp4T9Y5dWmbjbkezEmefxEEsxWv5vUy9yyNBEWxi17EUUyL7Sd42AjanTLvqRQThhRYm5IExxssmoNfCc4k7UwCNPrjIABeKrvEETXWA2qHZ_beCHmWEVC9L4cqn-Arvbwvtpy243
gAAAAABohoYU2fKhfhVFUwWZkMkFC-TxW2FgdTY9K96Pniw9lILdcA3Qa1CuRf8rFsp5OLlxddEk1OUXUs139G2xRlmkyfFGgpoxjV2qFA3-CS1VzcClLBtRpeA6iCqDfX1LncmBecyoYg_-BuP04f-a_Zbp_rDfRS9FEi9GHShlgjGLXR9d0WBUa5Ei1czqDdi-BV262Q5y
gAAAAABohoYUJLaFuPvHbkAx9L8kUuDmqp5J7KloDnz2gK_eZT3tgk855AisZ3fDv5lHdIQ6Aae9trJldebZe0naycE89XjF5fzQ6slKtHc8--B_elFCd2Mj_ujkWFn5AkBmQaDuYtMD5ESxXsgVCta3ZHPmnlaS5pIjN426tjlz173GyJxmQVmYzF5UrGR2_ge787oMAFK0
gAAAAABohoYUmzVeYRIUxU_tMHEsmHjLBioYVGhXZAu9nsU3cM88SH2d-wwN6lw1pOWCAQ5mqtbsWIE6oK1JRNR3cv4yimiNzIprEqJfxrI0gTesa25aqhmSwzBg4DKgDrJPRBLL2LS2jeRc7M4QxUBJFLTtzBsj2WXeWkYBXbs2RgfA2c4hL4CSTmQZPWRH-MaVET_jf-Up
gAAAAABohoYU0TNnmuw8OuVumZIrQkqc_uSz4WprR8drZ2raiz43GN5a9CXlQ4Y-zcjJg6zSlUUgW3okIWIr0aK6fIhPLSiX1eSFAEvSDkWaYZdDuU1EkBaPifJeWjVST5nfP_FEs5PX8e06Fl67eIqBw9AK9IK1NeAoDL-eiFPrpDOk6NLc5UBHrX9b3-XpkCMMLemzLh-i
gAAAAABohoYUgxveYFQkaBx88aE8bMGhThyRsRdIt7gaLYwQzP3gAPuWTdG9T_qMTeH_6prBbufxpL-gZwgoMS7WiynFFPn8fK63LjDHqOjLMKxRKI12fqaEXAFstrkk1tKiy_h2NrcPYRtIriegFURRaqmCJUlm7tcJQdPzVk7JtZ-6dRc9B6pDM5XJ2vyR2zZ8Y-AZT0j5
gAAAAABohoYU2QhKmhTf0Y7gR1nvrcgYHO9GPtr270jW-Si0kKLnA-1LpqL0_4UAklW-6yp6cg-8TPcNxqnn_rgZnHG33xsWkM4iqVZ54y-U0G2vNkvYMbAyKqhAtMsDYEIzYkWD2eykhETE0LLSbcKg8vVzOtvmLMbtidXnzcrrfC8GqjMjqXhhzpp9lLRe74Vi8qMf3n-M
gAAAAABohoYU8wWUnirQSQ5MpTZw6Qoppo8uCi35SM20JmK8hPEOoAcjO7lEE2oJL_SK0a1aiULDcYXYqx65Nh2ajfcf7GUDHbZQU6RTXSUla6l4sLnNwYa4deGiQSdsiSNBXIUdgggtCNjfB7sCDjSp4eRWf2WMTJmyKUcBIHsG80MdW4RkMJu51dZ2WKU1O4QoV_fXVV_T
gAAAAABohoYUXpqqXs4KBLmoDCLYMUevRQ-4BPwLizD-4J0vQusg0fPp5Z4PBUlyHeRrcjkuPGksIZYib5d0DDPqRe2KOW6EIyYPctQs2VGnp4yj-WSKCxg-Udae7howgrROmlVvi7XhfSzzHJUFJUuPLBWYRfAUuE_AL1fVJSvVFW86-b5GTWalUrf_0EAX7SsQnGPUAckr
gAAAAABohoYU61MxCyYZrBd-erTYny_-5FkW988TdIBzE8WfUIHz6Lr2Nwg-MP53OlSnOX6q85EUKuLd16gKwLyMHZkVi8_L0H0uH1yNRGZulEHL3zI4uMSZtHh3zDC2eKVUreClH1qYD-tiYVkxpi7gS6RN8tWIjxuNZZfONCX96frHOmGLVPLxcmt286JjRZiNcCoX9lig
gAAAAABohoYU4VB66bBVNQNRxtjZzRga0y53WjEePuGOAv43AYDk45oBwLniyYNAQHFUox9eGbgzrd14n6zFCZdggL2PD7VdZewDFP5yAhCGTUUk8nX93oufpxaGfv01NXwe9wTMie5if4YtkRZhVrjbWZmM8c55QZQSyfbIO4QIIcVOgHhuNWksOxY9FU5Keq8RppT61lcB
gAAAAABohoYUZRDrZn1_cWohvnpes9maZxXUOpH05E0UrggLWedjxQLmsrBugIXWzChTjDJfWI7Zofe2H29X1jBAI3H07KNcGKBQc9jnxkI6bcy6RXVe70ZoufBNfb7borFEbiiKg0oWoh8GyqRQZRXpznaUvBCLVpcLm2Bt-UBLVGTqH7LdPPWVE9SxRdGa72WM2PiSg9Ok
gAAAAABohoYUmkQ8CkDUqEOJzD2wlf1dZUA72BILy5NScGX2ADPxQEatNhxBBfhQ7sYAm1dtOoF1SOaAdyGmnaLRKs0_In1brL49R7gPHVmEE3beJLld1NvF4Ay0X27yfN2Xv6UJkr9A6qlE5wiV9TnvxPB70zUgH9wRc0oQOqIzogEqmwGR5uB_qHAvsxw9YVqIw539ReiU
gAAAAABohoYU4o3hcfoWXglfIJYGkZ9C3ThV2D440fQRk6hjJCccm1yQUgWVG5GVSpKJCCCPQMg2mZcscv7iASZTUB141j-aIFWND3dafXM2WFL2WIpBi_h5Irj952Yx_htB8pK3T6SpozTMDydSb6H8LMx8BvWdu0EWHsqCTPeObym3c9nqHNqDgvD5-SI828bsoCx5YIKM
gAAAAABohoYUgnKJYz-XK775mRLErby-V0arHsElf7EHFMbIAqabOoQbunafYuKOjnwPkcC5K0zBzkJDhTflonYO2Juu1rY80YThOL0XietyZreEpcKJVSsm_m8ZzZIIR8xcrq5Z2d--urS57_R-PdGq-q7cgqf7k2GLuDWFs0DdM_JW3SIUZyysTqzhUAr6_V97-lKKeH5Y
gAAAAABohoYUUWOL29H5AMyKHwycfO9vxGa-FW3cdrF6omk6TaU5khYM86n8of7etoGV-dWa8m0wiQYoFWyiIC9bMAtf7pfRCynPcnJTBKzB2JDUG39oJOkscWwa6BIGTNzJc-ZU_fXADwzVS5pgko83meLczOUYoWwwYnIPHY5qFQ2Lh4sPyoqMvZyfc9hIEghi2kTaphwI
gAAAAABohoYU788utn8LQB31X8YXXqqbtIvEFiXzDO9MBRUYGjN_uGbNGPf9f7-_p0AJipqGB2M53302cxN0G2soNGYZwhxzOl1ZywXrRHP3QWbWJYxv2YE1WkKSPDs-Ru-QF0tAS_hBWKuHlMi4dlcwgfi5s3-77kZ2QO4pwP1Z-qY6VSAAqvllGzQOV4FshEXFXPfiBi9p
gAAAAABohoYV_89ertztPvj5FNuza9gwy3bz2lcx6ivtX_MbZP_evknE__XDBD9cctIRrwDtUxgQ3-9KMWmRxtH140f-zmtZSQHlXsiPiujFQUUuB6MJoIp8ScLAmIqHxKIN5b8BGoQMvrqlxD63NNcm1clYiEaUGZmQ1Vb0ZaouALQDXnfnbBn43oRxPombRJAJ-bHinzBa
gAAAAABohoYV7A7MJM4ltXKYpkxI1GN4oD4eA0SnwWmARE3GSVUpDhLEaGKRC1FEwb5ahTDtRcD-0JuYxBInaNSFrC6BeSxbX88TnnEItb4g4dl78vHqU4VnKnrAdjl4J00bjegUfE_BBmPyle8yN2EI2Va3aDRbMWgW0q5yvCrrli5dQFx2M9jptHa0EcqVTtwCZ5MLtFn-
gAAAAABohoYVRywZ9mQA7glAPOMZX5xgpHWfV2j-gHP0GF33KdtXSWAHtaOGL5XaHK8Rdvo7IjPc_tZ6HJdSjRs-ptMW0t2BYRTnHDIC_LwkyVY4ddHPt57xBIaZsEp_--ytrS6H82SJRUX--tGI3Y1RaGMbUN4lS0HnEiKvqzpL8CoosoMXo4uicabRCqg9-jXxy8bWMpTK
gAAAAABohoYVbQ11t9koG_fIv05W1jrqsKYN5IinoJbkA2IiC7kxBLIeqrrPxJX15GQTywTZWfX3ShcxR-d9wIOeCXLdxE-QSTtEaMz2efUouQDnou8gYoFEeqtQmAGmxK-kxI1BpckutpgGx0Rgsa-oqRFAhE3s2iEBd94lg-0aQmHgDOF35DzZ2VL28MjmuIA3dGelseh7
gAAAAABohoYVEuWadwm_Tv4BROb8T1gB8CtNNDm5dvSNjTAh2WgzDwctOmBMmzFOf1VvkbYBSbxrTeS8D5zzwQzxPcZvF1kjDbBIg7dikABIFToOhk--tIply4J78DWBvJQih0L7rZgwlA4CLKYTEjy2zvTgMV_tauluZ1mhRSq7H-hTZMJeShK8i1vs6LHi2dDh-aT1gnR7
gAAAAABohoYVQ5gob2D5Ry_0m7LGIYr7Wq1q98_J2sC2zQNIRtI-M8Jdj18uCtSVegr0w9zwnR4uPPinhaWFrmfqquXKVwEV8ng5sS9HBfGjA0iTxNHB3ZXMXoIt9oyVBQ6nQETIL5e22I4LkFVrrYvFPy6cwEC21vJUoexk8STVRObPE7dP3a8-aJABMZn9m8boF1jDG109
gAAAAABohoYVGBGJDmVBc6CH6WEIAArPmIsasv3lusYEdIDdLT-3Bz0aziQOMdgTrxlEA5QY22BVcHrBN1VIqtkXE-BbF86Jq1F6hLMYMZz-QiSXW3zSgRYeds933m3fnqgqNLnVoW0DRCQnS4yq9uitwYhcw4kHGDbPxZzjtcmKCtp86jm6TV7BQ0kftNQeH_T7QTrvOo6h
gAAAAABohoYVtBq9voTdyOt5NCHaTu-e2aml4n47AZWCzM8KR0OmtZ9yPuujGs9VYt-nn1nuVAyfUg-99aorI2SqRstu2hnvaY-sWVIL7ikjhbgvxxGvQltCRG-Q1I2BrmVeXBke-95F0sDVY5HkajPYw8BYBnuWBLkRN01MkohQG3bILcWq7JDmxmLyw7H75tlMyQ0P56PO
gAAAAABohoYVPZAd3DRFe6U8N9djbjOo8MggWJkd1gHz3Ty2VsQxO9ZaEkyxAtNPiMFseJHOyqwyGbEfT_3zoEiJ_uPSdfXvmhroV_kougQ9laydcwZuQHd40kEesdU2o-M5Lw5DJmtjPWZ5uTlFnAXex7-oEhBHQc6bHXc2Y018SrZbBKpM6ozi54MdsL88uDYZDTlGTZGo
gAAAAABohoYXw8d9uBDVfGminTzNRkGRffDrD6GGrRfprT4iDoDLwiHm4K5vY4NkUfs-HPTC35CHYxInYZ0bzTbIL34ukzjL6sqVuN-nRI8EkVmVQ4PIAVN3918cVW4q1PFsnNQ7nDoPwol6rO-Se6F9K43nXo2cbOgytB0gHrDkIISYwyuTVVw07IygKfYR8-wFpyFP_7Y8
gAAAAABohoYY1fMvYZLWR9fPV480XG0vmGwkuaXlqcALg7WeiFGDzLA_zkYrJ3qno5rn7t-NMmsxGOU8XeYTjlpTaQKd1I-9PHb2MINDkF3yrOXAntvMS7rN-a9R5YiJeKHGBfWbRksrrwnzYFq7QS_EYcNGDTGkkQXsAOy6k0pysICJzyOlmzJzAUYDwfEL61m2m_ZkMxjw
gAAAAABohoYYhxJzzDaHsicwJGRF-kbUIzuPOPRWjHqaFexLT9pXEcV_I6z_OVMjMBGQISYgn-YwPBZc_QYBkkXeGdk0pO2Os_RSq9VTOPNFa7v10WPjuHXfF3f_Yq7dqp385hdBYU495ZNb1Zcu_uo8TtNBkq8qRP1i3fn_3twuF3nIPHQ982oJSMC53qkOA3buDjKM7kUE
gAAAAABohoYaj2isnNb9e0YT30VNJAa41eC4CrZo9SlWL9n-2zujgUXZy6e3VtVjKGvXT9k5oHpuinHZGPuqEykjDx3LWISgf4hmYEWZrZHueLqmQfOz7UQVslG_d6bVo-N1bYo23b5d8YrlgicZNaRJQvYPI8hdP6pT8or1H7MDtmhd2DRCbzn5L4geO-GcNb-UyNh_9VVF
gAAAAABohoYaDOwT9fxZCvdNcJybrY2mVH4jBJ5LLeFY7Wm-fIh-6PRRkMDrJIDnQn9_Uw971xRaQ6rUzaclUsylGS7MMfF3Zwj_f-V_o3TPlbx8HjsRe_IGVeN6Kb6O7lGWJI36znbIyHD-VRy2obgIecX_BwqPTlvWzVv26AlkvwHFZTXq3YvgVxFSawLAUOc3gyoeLAPs
gAAAAABohoYcatzKGzjR5zNNGBy5BG7RyOnBlME6vc33eb3nRcEUhDJ6Bu57skSOW3wXZcCCI0g_oljw6YgqjqoUc96UOJ_VflVVa6GKKZLcQuI0kHq6lsPeVNFG_lwmthfgwDeX1DPq_ONYlRmPd3i2mlK6oHA5y-xpPPtSf8MsZXSzQoz8IrsxVpRgYiw4lRc2uqLOcm8h
gAAAAABohoYcSu8FUONQ064sfZlZmhYIhfonPDLNh_oa3nLSUU_4dRq1GAMJGvqK0SGLvnIX0KeNwjhPz_uRMuopO1SkDrT0eKmA77wh-eAhAS5xb9xpqWm4-ewy1whsH5gsMHryQA0A2AwEdEiuKVAPMCTHfFgWgTZeZT4ajPMBTW9yKsLGvUrPixEx3_erWY3o_e5V_gsd
gAAAAABohoYesQI62LGj60gH-fIjBRhNOLnu0kcd1ZPpxQGwRiT4XSdcWgAM6VT1JId3VPueH_GQDAcwCJrSwwJbGDRdxKxKTYzgSZC3NpOVn3Umr57ht8o_yCnf5jG0KBDc4AF3M49d7Q5zr9JYYVj8CrBveAlENWb7yJVQlSQbiOZnlpM8j_iJSCP4YSBSc3snDw4xiGDJ
gAAAAABohoYfMC8uVT7j6neJttBXfA9dQm2smWXeX_-HdNRtkoKVvwqlwX6XYNZ1c28Q_Q9TaiCrb-OtJSCCvVzpxOMY9WsyM85Mz-STilP-Y57Rj-QqXkXLPOko9xclIrbKlNGVH1kYSsvZh1QBTp8Ol5sRaKqQMAKI1F2gkRqyfGFF8sUdEXYcLafvzf4MBHrB_iu-JBnT
gAAAAABohoYf3EMn7dLsk3rTg7m9C3W2LBLC2UEdJUSLhBNiCNzKprzJyxhYrAZ7eGkBbHwLMzWxkT52wOjg93pZGtilVOanjNVY3PB24EIUhexgxzMbUeM2RuYQDnLSrQfbvEgWE3sY-tUl4O4qDdHF_PvRqqkWQkee6nBKPBBO2E68d-Xxnn2AOWEKoQzXlIjzmduc4OE1
gAAAAABohoYgBLEFDw6mWb9tcg0svl-73atsbtthwsgkU9a9hv-flgOw4IAtIPB3kV_K22s-86Vhmwea5Hrl4L8z8b1Rvsxl7w8XbzLo3FEzHRE0Esk8CwT5dG-V5bOXPRF1UQbYnOu2zo7cISfPCj5I3U8y4Ql0Qo4ZbGlEqO-g6ORwwteN6vAHHK19Ge8KxDonvclbBObF
gAAAAABohoYh_TFzUH1vNdVEFGlA0lGnWymEBZ7TYKM86ZodnAX7L6jEuNShAcCJtxZXnA0F1i2afAI834mvbSRx8BaQ0uc7CCTGIEjfXH6G1OMN6tSfkeeKsMRRW1BRlGemANHa5V6WvAa6ytf8kj3WAxqV5JJ5YDIag7PESZyQO7vTs8w2WhA6FKw6ABLNqZSP9vXceu2R
gAAAAABohoYi4UMhlUAxBJOZIvT5d55I73LSQO841vktdcUuR2RKkEZzRM_YaGIOmLL5qMKVGSmO27ZeAzjh5HQyMCfRamNgnIjhYO8s1GZzoSD11gXgHGHK7iD0-dpsMxk4w0LGUEAXCz2xIXGZLZuCpLE7rvPYxox_aqSc5XIUzN71k6rrC93ZvNRV2QwnsgSHKWC87vcS
gAAAAABohoYjWtHckzlfCr-5HNHYz5RShhIgoKsoJcLNg1bDDxJXT7xAW-swYlwQJm-LIRylHNtwq9CuZFxl__D-IOl4wCWRbIYGrbM0tIV_IP5yQkVJEl-f_bnGxsqtDFv939eDJeCEih4Ix8fwvddfZ6Qi52yjxVMdKpM0GR1JGWmItivd-5z43M76lKJbEpj_cwFV3YF5
gAAAAABohoYjcrRAvofxV30qD21hEbaJIjTrh_xzJ6FiDvEzKp2ecoG1cnE8AakM--0B9WltJVqmF7QrtVq6QOG4Ipw0FZQuACPcdMXQc926JZyfvpSLx9_puCuF6IaBTIrGVSgulLzWS6f-eWNG5W6--bpkXBduPnVRk-nQenH-rSOTU6O09y7vksFiwaq11wK57-3iyIrs
gAAAAABohoYjUGFI9tXAaOy7i1czTGLCruKArvaV9eUT4oH6bwKE9Lq5u2Amej1KGDdMUFD5au0CI-jLvSkNP7JSlt--rM9IPVf7BGk3Zx65G1odFH9fQrIvVseTmFvSyqiRn6HoPWcsi4kn4NlhgeYt7sP9YQgeFneZE4lkXSjg5ogSVq5KL80Zd1Z-X_fMC_sEseBmdFT7
gAAAAABohoYk3XicvnmIma0Y_xiX4sM1ORhcpD-rMd1tyhiPxKTQxfVqYPBp_CiKbNXmHPzkixGNkG8zjfF5hiH_5xYT-iLVguGLA_VB-gNvpSXihVOZE8ZGxPYrxoTLEyKdq2No8b7IEm1pE0HqSCsoacOJRnwhHGjdmfrWQtQutjKpz9wLx0XTraTc9_bd5Ti4eioQlgSd
gAAAAABohoYldT3Gf5nKjjd1Xosf1ddo2x6DlwdzjlEdlO2F_V0A8eTjsoQ2gaFN-oC7EhUJoleHLX2HyORzQVQTyKCN37cu1ZTSu-PX4K809UuI6PWuQb2N7XuGbNNpbSbgaXezygXsOKtGiValohvbk9GvStsdiZC4SG2zxNl-y6MvGCw49em0Q6CHNN5iWPJ6eckFGUqb
gAAAAABohoYuAxIFEphlVVivCi9Gs-QPrj8Z9zfu650muEUzFaCm3ef54uFHu2u0NSK7Ijb1uU7yujWy8XQq0lsiwRMAZIa8kggO5BcXxa_SxtxjDX0OCFdeoD_AtDH4W35EhEj33cde3dqwcZl0z6xHs67ixfBEhrec7vVRpCZ2_eySpHoghOaUuzEmRkl0utPTpLQvD-HC
gAAAAABohoYvjq88Cu1Z_fGpeX-2GjIzc-d5m0XxyeF1zkiJJjPYZ2Q4L-VXpafTTmKPvAOc6MdjdxIOmy-YKHsBhezfqiblNpLbWzLRzkRC4LTBU88xi_TGyVZKXLZBYXeyhMl4HjGwnKkDZFgGLD4cJkDXNYM_54dbYGz9ANtOStH77fQFkV_nXVMdMZF8G03q_qbOhKCP
gAAAAABohoYvZZXnu7t14ibUpVFtJAtZLDRkAPQVdEB-6xoxSXuyQ5UXIoAhQ6snB6U_hfr80bKRRsYLKYBd9mLC6H9ixfHjnrWLfXajYtp7ZyAhQZdzEWMvoSNVQi7NhjywK9wZ37-JwDd0NJVulbBGjiUE_HV96v-rMGHqphmRRG1mclk8518e1N6j3FfM566EgIV59d1H
gAAAAABohoYxyMANL2XJJXg9GczRbXGjgQrFy-toEtjKburCGwUsvR3Lu1ty0E7fD9NaYcztVEpvIDLlnYKmgs-0xXFCdwoUTeC96-V2u3BRQ6xfQtgaHd3D7xed2Lb7Mjc93Sv4OZlymnUbSnIW1-cMBzFv4b23dZ4Q6mmOfY6tEVm26-evu5Y_GGGAm03miMkrgwqxZ4qm
gAAAAABohoYyaagrWOnXKZ_ZDlyjSkFqC4Wx-GdqCAgfJr8IjRKGnFfNc076MspYo-fzdBmiialrE0iGjKV7Sv-YEa3Ffu_nSgRntnEzHhKUK9kNpWepI5aE8wCoT6c_uJRlebNebtvqXDitjJJOWg9ff0FeRnPZBf2ggr0cjWsvhzamD74Fygu8wNM5MY6cGTcqntcZML1u
gAAAAABohoYzQjGqnJIW6rjcXthm1b2Tc0EYB_v_sq5s02o2ZazXWRkf2mMIDJY-uN5Gky3PRwwPPJFvc8INffeoRU7JI-SBtwSJjc--aHPAus9ABpdVIFDHWTWSUfPV1LmK3_Mw-FwGtOWTIBfcUnJEgxLtjZDQIxd-_BCAI5Bh48-u8eFcJZv6pUq8NTkVeL190qKwm50q
gAAAAABohoY0RLFr6iRgMN4KXSKd84X1nNdjhW3Ymx6KUm9IaZgcTLihMzy0hfNo0kzxmpkXBkCwIi8j95mUS3xulf4SyFXutGAqj4t5zxV2jp0-zVN4mJUO9aBjY6SxRo8san4b2rir2Sg1Efi3ErXbOhpcWk5AHOTfMFd8JxnMPQ0rZtWqk8mYZ45_SpN8ZxOuDmxswwZV
gAAAAABohoY15t4E2fTPbQk5D8uZciRgmdDaCLHu4vWnHqmj5zeNShcZmafAmX216Ocl4mnr8S97Z0jMmyScm30d851NB6GZtuPsooBV5WH_ZrtZ6AqyoairtV-M3I-BK1DROwHPAm55GzVyRFIFb7vKPZDbNbbLDit_GL2ueGxoqvsfjqCHFSO4opeTMpcAJEcjuhI9VhHc
gAAAAABohoY2i97kbKcl9yt6XrC9wZBG0Vlfli_yXmkwzT1WZsrY3eZbmfg_z98KVKDgSgCwh1f-bx34cryj2mUX2nill3-poSj5Tfum6K8D18QV0Kpsjl7vSidUsJgg--3BWEw5icNvwUQo-HGytcKDEatnkReDtw9Dyd8FjxcbM7OO26fEWMdnP0am7LLwRrQGCkplmAwu
gAAAAABohoY3g7GcqeuZ0Bvk5C8Dap6o1z1G20dYlkCmLOkj6rEZqNPQUl_5GU5NsUbvShSfeMQHw-bYKYqppaqaoj-XCUYOZ6xvZ9AS8piE9nKbxd85nYF6wbsE9dlUeccfYwgun-Evr_4q94c8cjp_RlPcVe0c3YvD3S8gICqS8Kl5X0xrrw0v9YvewjzFJgoW0H7hfnT8
gAAAAABohoY3UKaq43jvP58s_KU9Q-OkIL94R-4lDj3eOl0oxiyDG3bcwe3TByh-lHOZpJuLv-fE9nPI_dziiYIvV1yV9C7UqzmNG6Lfu1F3LB1jNtaMc-G1sPw8a_MrHj2exO2sEcNg3ichjH0DwsfrDkmQUr0GZc9RX2n3jRO-CCphzbzHFy_lE8DW_Glr6BobGNHWe8pJ
gAAAAABohoY3E6GGwqU_JtZu7_lQgRv6DVooXSDHy7huMYvDi2ZGCOkn5cTdat-NLDgzlT9cdtq2RGrWn_le8SMwoT-igU6PG9VGVfbano3u0KJ1fbC5LqOXkeeFWoK17sQM6PVNcZNNMfZry0LcjsJCx84eLN9yn1jHSAyxjJDOnvYnLcYVY8SO-5Q6I_KqGjifJlYT_0VH
gAAAAABohoY56Ab4B_OaIxEXInhvxCR4zu46omzYHPqj6VkgEUrjJJXOzXb-4Y8zVXGgpXIavu-UO-nLBU2LrxvdSatAF6-FP9OSi2_eUUjhamfm-GGxfcFhvg87FQcPUof6zYBCvBL-7mSUXe9HjtGjQHOrlLGRrjaIkfolXFHO9LAKnEYAYe7_AqhBY1r2D2fQi0XM3UzU
gAAAAABohoY5O0b1m1UOu2Qr1DVc0E9w6POFItP8LcrOQB98Rj53-yJhueDXe_TeI_lhwYluTi0Rpu0jNS95Z_YTjdfNxBcqXrCE5s-eHUwCV8z3TcjIFIJvzS1w-e9y8jkXH0IKo4LKu-cFQZlk3UlH1wyUsLEsxVtzGCyutLl4Lc_XGS59qQc5N0kl6aZkxSGKBluhO_ts
gAAAAABohoY6eB5iJNQv6_Prs7g2s-0Q3bb6273uyhVgIjyK4h-CPuLbu1QqwhtKQfTvL8q4zbF6QV4GypRysJHxA63XQKZE82MCH-TFLy7vGf_ecEA9zgbgODYuiZLi_EkVfpVzPpUZYgJlUJMosw_X6E3vfY1Jf31jd_W-5SQXovwTLhY0j_ng2HsXooLHO6AXavdPGKso
gAAAAABohoY6X14a7HbGEmGdG1QD34CpZPKKxua9SDB_GH_o6Psmu_sWg-i3rxEF_8dzZauaWn0wrNI4RrN1_Prn_jdSOYpz5raXhyZMLTwTNWUB5G0Y4LYBbz1jKKMXMSMAAzvbr71w5hLII02UClEYV2drwhWhHoTK7g9jqYfJHLcuFpEv4fce3WODHW2HS9Xo6Ao2Gqjn
gAAAAABohoY7yMHe3bajImaFKk0jetCGKn4YM9X-bZ6wYC9agvWz6ZnszieqZM2JImyTWKNhmfAqMXnZtsK6qHNUpuULeDKNFLT6gJw4cYtKOZuWNbsIHzO3rwoLte20wbtF_AOJ43E7hD6i9HHIt79LDwHGhniHRMo5bb4E6J_O4Vvh0934jfPwUfPY8o13atrfkTeg6vsV
gAAAAABohoY8CH3NCsI0V52iQKzvkJCN-AYVVxP7KrqTBbmtJT8xKDq9dHIWrO2QZZStjAjYwk3XNU3mZtvDo-7tn4feerSJXrHtFSao9Au3NY2z8kgjKhZhtAsgL1MqCe1zUI3gDN0xl464MMX0h5v2wUGB6lO61A_zZKOJgyU8rUhlwEq4z9VxwI2PyKrDuO9dpX9k-L2D
gAAAAABohoY8pHGm5QU4o3HK7qFN2i4MSuuSHAoSdyFMVjfjrkGWmLUx9IgDMggF8jXV5mWFTdzJ0Hs5CBGLNZpJL3j64CyOy_CuG_tXH5q2W1bOss63LdKPlF0blooci1RUkSIZnkvxnrxKlnyiCnA6dX9ZRlUZiQew343nbuQb9_as0A5XRDbvwk0Colmj_RuEPzAPkSY2
gAAAAABohoY8VizIQ6DPVFl4MjPy0PuUVGh4ZNeKuH9JiTg9E7qdmTkAcLZhS_dI86cOTMdFfjO3UACo4ST_jOzuX1dd6SQYHd37mzb4sBRmxHsvDYAVk8evlygGtDNP33ztknY-WZYoz_u4FkF_QdQUwxvWo1Vr2ZMG5CKItetK7MIMO6Ve0PL_Cdz1fd3Z5Ri7wyZAxOA9
gAAAAABohoY8VqQLOGDG6G1CG3b_KasMTd9zFRL3XJtmkOXHUEy7vtPSldB3dB-Xo68qTetxMZZrtK4vpafM1F2qHVay1Nwy4qg1WnPpwEadwE88Rd7WAdVfvsPMJKumcq9JHeGstmbxJhVJiiJ_tk0G7WtcK1rO2vxREltJR714QNmMmDiD9D9jsP9liPG-U3glzbdv7iX8
gAAAAABohoY8S64iB9kujyjmzTnTK6M84yxRm6FFOUXGsvgAMHgNRFClAV0IQkmGMrztB46iCfvYWicOmT1eEo9SVXshHCvDXPw5j-tu-G2KUizi4ObB3ui7GEZ0UEQBclgy8flffrVjGfOGT1zP8nHwmt_hrHLXYux-MbwKhSp_KnIfG-pj4kUqK-JGVmKo5R01GwqhSwzb
gAAAAABohoY8Ohw-2I3AqRqA4uPMJ0nvBJ-dpPBcMrZJOkEcmjsy8ajEk0vumdTL-Z79zzldQHC2giKulHbo6dF6vzdJrFwRPcCPR66UkivE40O0f57QRk_XJXrSKU4m_gDgOklJX_0S5AamtI3kXHt_ptwaVVuTyidCp3UVJRTsY9S3yScej78TVHDmAWC83X_pIBEFoAed
gAAAAABohoY8buzJb35VSh-xiw1KDl6U-chOs9DF_kvh7CVyUitl2IWxeKms07vOnKMoTMcMP5dlNd2QNZ6wr6G5WTLq1yJslNQ1Q0GfrtWfEcmiv4M2EZQyEQOSZXUj0VxTI80LlEmip3I8HbPPT9sM9nbw1tU_sUOrrkMraWgPNCzpVLpohNvQ4pz0ZodEoHLUeRDO3yfS
gAAAAABohoY8NpUBFtB68AGdO-RFG7UkuZgRT4wX3zCgNgcBrptPinlaxK4y2FhCBzuarbFyzw7N_MnK79BUUVOHUf35stseTGvei4-chsO49reX5kwTgTIxZlyW-XyZJZHt32ACNBnNHQeGvJ6m1Ayg8mmJXNGCq5Jf-NYfoCtXmS5Q_4tjEWfgMVFmAiI5P58a2e6cDsuQ
gAAAAABohoY8WovnyckgH3nWPDdik5wwZSYXV4Ml-DjP2lY5ia3d_SpslHg1piAFYjqb8jYxqAl5kRbvazCkSfUfyek2Ys63Qob2A2lp6ONUWzzVKmmpgV4mPH8mQqNaBdeemRajYog-ucvC43wR2Cdc6O0TqHcuy4HRIWuQ3BF0J6Iqa5OVU7wB8egNWCU6C2hoTOgAYulb
gAAAAABohoY8XdeaJQxzOtsgESj60m0LwxPcJB_owb5SytSKKukjEmSY6wbdVRDLKsbMzVdb_A68oNggjbu2xwdww-4QQ40mHQ02yMsHGgLXikx-tpBJD543ymtNe4oc34Okte9ULEH1cYy4W3Ar21aDnOvsWVU0Dwf6-qPT6UERaaCI0cC7p3AgD616LDDbVWMVB-ZXj2TX
gAAAAABohoY8YMAdy3cLAhnHNR9hyUrRQMUij_EeL_RYDhL9G6yHg3LA3BG2XsLh_nO-_i0ta69sqRoM6_vgNeasMuSZeEFxNItiNrWHF6pIxBWyFP4b7arBKEgdRoQnamBUD3JeeFjPEDbpC-HUmVQf_AevZiwa1BFw4OhVZzKKcG_di_bjZ3HmiVfy7SMqB-eKQBjvYzAe
gAAAAABohoY8dvvtiOVJRjKqIbIdJ1LwWCVD8X7J-yYXn3fjadPMgiAZCUTXlFMbnGw86oljnHg_wkQ54GUDX8pJtLJYJvmtG8TQa-mTd5b15FBBqAX27kqcmxIQhI6mELSRYKZliOVlHDtx1f6m_XxIwuAxy8_BLRmWuOYv7DTIU899JKFrNX8yZc-4uNshAt1V3Dbp3vIB
gAAAAABohoY82Jd1nHpLnKWRokoGwLnWBCrkayURv7v-pqrZV9J7v8YrUtlxKKmE3kyIIktIfJ3IytqGn-Ox-Mf6Zu7F3W8YA5Crd4zMjnC55EmzUggVKMY1AS71kceJVdh7zypOY4u2pM2F9gziilt_-Ac-m7E1y0Um8OrfTwnrY2Up1J3BzVeQx_v3uXkXXi1GXRib_sI9
gAAAAABohoY8joNHMRoszz4Lcneb4lnFFJrhLfMpjw_jT4bsMxkajBUrXRnlw5CswS8D4I93dECptsUb_gNLvoy4yGP0o5uBhqcA2lo0tL_2DB3OMGdXj_ppsNxrvqHV_Jj1h1YhPfr2-Q1LGhhv31nSRfsyfMKU5ApBH2Z0mx1JxwAWx4klaWdZuvuhYeCGLLU_XxfZyq-D
gAAAAABohoY8vnTiP5_iLwdB_W18nFD1lGCRrsp8aysjjZfZIdlLRiTQQx4GeMfelnDbf23foJgP0x6n3ycMo5dHROkb-5i47o3Jz-u4kH_9IkofKKX_2kf_Qk4x63oNS4JhiH1pGxYAmdPPT3jnz_YVEnJXp28TRe414J5_gpXid3MQND1F24lqxdfj_ul0ZJuzx_gR8q5g
gAAAAABohoY8gGWoRwMeT3CF4SD1GD3B7ketxZJiOB7GECI2FowNaJcbRtCj3YxYtvS0EkyXJ-tA1CHgDzDWNcMVpfsI1vDzmkdpfBDiOepKLRz6CrnvFs8lLqbjDeP5o-EIp829lw4chRQuQPeSPFAaJx1to8xoS36hvIiOfyNaOqmA9SCHaHVPRbBd1ICjsdOivex8_3cM
gAAAAABohoY8uICLtJR_LrLZVxFy0ACKY8-p-8iINND90_Bcx4sR0eKoYrKJ9JB25Y_IruMp6btRJYAKXe3lymnHd7myTDGQzYtR5hOe88BLvYFYnZHb7mvuYPQn--RSh4oBhBrcnMpmyf9HlQ_ofApDDAotbBVPF9WPp3foPD0DgcHhfzAlcqLJkvQ3vsptvarS5gZnFGtl
gAAAAABohoY8dFv8CXcnKnL9pl4SLQyv76ydQYZXJwyFLcQr3ceXwwzLDLrnkG8ngydwOGyPxeiwLlRQhxuk0r2TLCF-tkvpzr7MEWE46rQ4oJddM7bem1NoUoOF-8OIq-6QamrN8IcZjXwFSKUSHs4nLMeyYL3M7WDkl1QOkZpGFb3Pv6GEpxjBbiyqWl3qUKD_zf_nBbLk
gAAAAABohoY8YubLpT0HLaTYN3cNeddw7V1eIetLWIeEw-evl3Pt6UitfERkPllaoUFao-ZCrOrAid7nnhQ8SGRdSHX3lEv5cDAP8L_KrC_wOWf3799_iRniJbcFm28AEXLzoedX9RfHpt1-URg22c7dk29QPdxtNehqUShbdB22rabzp8JTEeAcl6MMlJnV3Un2-4tW7TK2
gAAAAABohoY8AV_lQaogEL-8em40IyHL9Wh6I66r5Qp8NO9zQKAOSOe_xlZb2CoKVfT4I4cniz_mkvWtxWdjEkZ5UJZAeapGaofH6MkNC5op-p4UG42Nko9i2lE11FXovklIs9qJVakbpogAr4dOx6ujE7B5NSvLMXWwniu3ITm1CAFUbCLXL3HY9IiS6YQl_iRVa8ptHznD
gAAAAABohoY82AphyRUHVGJdmxKOpGZRjUPA0-ucfpJE2Ld-IgxIB2nno_Y6j_or5NLCeqID1JesuHbNWFLQryi4DXy5N9WHw42xVlMYMezVfnEma905kkeqoHSQepVN1p7fylOtS3noKKZa1LAKyHjoGde2_LY2btJwmOXSQ8qai-K9O1JndxKIOvhrKI6tM9PrKcqRk32e
gAAAAABohoY8zbMaqwyyxX0RO_TR85YlV9wsBTTRvij2tvTrHh3-mZ_d1Lzl2rIssIc8rhO0hMoZ0ex3_Fve9sSIKaN98ExQPtRKS7WpOUaagjXYQ_VW7d-qGL7n29fkaG0I7KwnHMMrovshoByGaUer2H5TY35Irme1mjSYF0IArylZx-ev4MJx1ZN9dtJbSQMggx9oxPQc
gAAAAABohoY8UxDq4GYYCMjxccs3VMXPP6H07D1a9OIrn6gHBd303iPko-zZGdv9l8UDPvneKFDAheXBAFJbNcBTRuZiaUdqUg9V6A8n5YxX7xjvf73w4O7KUnWJz8VYT-3sJ3P5dpSHkkG1w_tvTDB80D7FYt8biHV7il3qkWuZurQfivx3ifbRyBtTfSIp26r3ncGKzqU4
gAAAAABohoY8F2hsyAsS6uyuacBgQ9tLrfW-VJ2MajIAJMf_9J4Xpf2KzNJ50lVNtKYbD3zhvtFH9c1kDyAyRHEtAagLJPrYM95TmkF0RyBFKD6oqNeJTow_uhxVxtlxtWi9s8cVXc8vjPpprB0B2Pd5hfR3YMxQ2pTCQcbkO-58vea71QtNAtW-jhCjRo94M9_b5gj4Gs1O
gAAAAABohoY8KlW4SenglLXD2u-OPUTMkjqDTjbzQBIHRThKFH7c7-v-0j33nJKXfN8C-HH0IG-FHPGNgclUyB_h0SGw8o0HiMY69XfenohehtQqwy46BRP0Dyq1tNvAs_HGzRAgd67oWUCutFpMluYOucExNeLIvbVNeUpZbJblMMiour6XLW9-yNsShhasSss4PcclHe4K
gAAAAABohoY8Mqtk18vCWaqfrroIUrvXkj5d9KbFv-tjIbG__NUYQleVwklak91wY-lelwupFyfzFNdmzMGGD5kQBnnWJRIPb32a-BtW1kfSmlukxStM_MyMZghvw4EuyPIpu0jwyMS1oQIJCeHlsUi9G7Mmcni6XxrcHFf2Hf7Qo8aJtU0rCh2pDyHlRaop8-sPGKzQ70MK
gAAAAABohoY8qmtXfBNViCDZf1thh9Mg1Le6RGO0yPhtBs8BsbSeDIq3Aw2DlFw652PeAQr1en2NkSmmThPjw3d2CfL8-i1WySVCG1J1pUffZEor0ba9beWLGdQaKvym_5k6Ts3qjijMqbU8s-3oy62_gkCNZkcmrBdaVQXoaLSWhXI8qDc937Sqj-x2JwUcvsNXKdIXDoSN
gAAAAABohoY8GagqCV82avGTjlEJVyIK-LeTfaDrLKSChU7lAgoABmq6niIlMZGRYxwdjyVgvKWh6UTzF4N0y2xPZz_YMvoHmYJXtYTIzndDBVmudRDrFNGhsBZWg6oiiFjvzCskrnjUQ6VEDzyodUi4vxVFkru-ZAylk8gkF3iqHhpE8lds7uagzaWXbrRlsvXZjQbIY8Cb
gAAAAABohoY8NR8RzKLFJGk1T3WZnBHsTxO6HZ6W3zkHZUQrRQFPCFbfKR4kiFlnmigViJc--rxcDTKXo8yEDs17MKFxZKdB-jlm3d5j7n9fKSHSNmz3dMcHKEp3bKloaMrIkeLRv_XZ5sZLuAeUe8gr2LYku6pFTB24Wmzxhf2gWjiYS-A9ilGfqOLl5lBD8xISHdv02FwS
gAAAAABohoY8W6sb7jUQREm4UpLnGKKVSIM3cUCZSVTLpSNVVcp6XKi4kGSKkWNFIbVk6nbWN9rZ2EBk097ewNM8NTC88hQhtPJiWEt7hDqRdbJJbG1fAx5ZxwLKj7ABmSb2p6NEfu8dbGLxRg9JKk_UEgKfpdHJq3_eUHjlQO5QGDej2odVuEDEjCTvO__aetHMeTZTfzIi
gAAAAABohoY-TvWot9v0v2CR21kgGE79r_-EcR46ukZJ_ihKGdNjQfWYSXldR-i3xDxU24m310-GHk5F7xOKyjgc-IX8q1tUW4pEyrRSWhOuq1Fyy1zBjQmhYQuQnERdJyd7eVwIu51elL5LWqmmUEQaSdQ_6knw4UlirLU51YN1DkFqhV7govBRyu9AMJ4JvE2Xrrgg_zPH
gAAAAABohoY-ZqsyW-rjrjaza_6RiPJZKwDBxyOjFu-yC0X7R_3wci3xtMJcb2pHZWspH_XEVMVBL94OP5xRHmJF9vnCacUhcSGenGOwRHNbMGAYd2jUy75UsS3kFkjBrUYNNw4Crlfqo_eYtL75uaefxezJX28O7jE46IzOwiSvtfTNaH28oyHdq7u2WpkkLxa90xBiDiFV
gAAAAABohoY_2C8q0LRA8lkXMFZ4XOrOPZLGJvgwLxIRuZxGNbXDoGbMcU4ZfT1cket8qM5ER47kJKUUdmjCRjlZRDWVKINbxNzNgLyAVPB4M3GblYj1ocZf7dSFiCoGmO5iMbfz0h36tF4FnOTC_OsvF7adLh5UA7fbRilnB0BxcwRmHkKYj8vZZ9Tft5buAVn864BQZ1rA
gAAAAABohoY_RkVhavJJx_lw2W5lm53BCBtdhxf9lQpCrcZ9dBoWDKAWRugj1rhvpfAc6Au7n5uVNE8NQkConyv_fY3jGcde2ZRQ11IzJoAHUyxsvh5EpZkv9buuTfb7XFvf8jqUFmoHobIsQ1XKT5zaOgIesHZOU3WxJP38oEDIACFgPuW_NYs6Ps36DK4ln0IS14b07Xrt
gAAAAABohoZA-dvrLyQsMNoPNJaq4oQfChvXZc5SeK36l7V5JmeZdF8nmLRwJvfZyf1jE03aa_WDFocgwQuaey9oduhRjgNfvXK2504JDH_YgNBBKa6iWrI-qj2ott1Wi0EaHkKE1lKzPONqSjkgDMRNZgQebziFZQJYJQ912xEqfVHrnVZohxPeSvqVP_n-9hJXGCg0eyKn
gAAAAABohoZBNS4zP1ZSY2Qv1AjYOuF15XVnNKpNOfj_mY9ZK_9ThoeYqVQayDvFA1OmVDu7fU3gnkIH8WwKRvrfhwNnlWdc0vysYRcCQx_07Qhyx7HloFCKfihNtvlc2fa0ueAQZC6e_8dTVvsIWVJ3siDHvuVhZRfCac90yogi46cZ9fvfJj7-Qe_9zJLGX3Zsje64u0AS
gAAAAABohoZBouB1r0uOBI6zqo4pNk2GqduZrjubye0WNZg8sG1yn53lYuu2hys8NCDUIfDY1TurM6w-DjVuvSiC-hjMXU3IJuQdMF7eXGi1QjTbwFW9Mqdq-LtZL4AsE50xqjCNX_WQkENg5cRPz7HNR2L81OFgqk0zezF-Opgt6Q0Wx4HnqMV5rKtxqdT0cHIcQ7q_VbXR
gAAAAABohoZBFmdFudz4hKJAOr0IjijRiffz7EH7m396y2cwzYQ2Gk_cQJSLO6Enjr4ez6hRZQ0210Lhwk8sq4T8oduxp4OPcnpulndR32sE4SRcVAfcLM125xcP9p_AXeVwRMwY8zl-cCD3f2FeH0YkArzviVdKsCPKlDHvjVyDefa2Y5Z16Ur6XDVgeD87crtnzqbDKO1F
gAAAAABohoZBZlUfjVHQyX6CLv8jrZ8VvaKtUiA3FD8u4dBYX0-bd9Z6umzX7LuDU6b01WKms2Qqa-6oQLQsxM8KzcE7OD2P6u157xmIqOZoffZVnvK4BvSLHSXpLSxXoFdx-JfK2-Ei77TnQJ9Wa8vSOO6Pw2DBeU0CGGXAUZu9M0L_sGILbpFpJQo0eIUeaM6puEiAN-EZ
gAAAAABohoZB4U5eHjsUqeXZjL6NBFpUAxB75l-BEN4BWNz-rVZMmBx3vPMNVZVVL2DMJieMGU2gf46l1Pi2CukOjOSk3evzeqo0YAMqRiHnC1dSNVVY1doljaGVM7ukJqqierm1TGIG2n3cqDhBoocR3J572WRCO1c2zWrrpqsRw2xGAUleI7vCqcgR-5mmDPH9WAeNneU5
gAAAAABohoZB2ICo0RIA5nquW_DCMyGjUApahbRCoew1PjwSj8L-FB_xUlBoVm__uL6PFh6Ek5PyfYEMkVpaIBQ_6uP-RdtymcuWklk4AjTgIysSNoAE7GJLooePG7m-Vn59DmIsxNhFQu9XbN8egaVtIJmi9MHaIgctG8WzrBsaOlMhKrne1W2CAduxZGBsnkpZksZs7wh2
gAAAAABohoZBuqsemIh67WvO6CH0QJc-rCx7RVcKuSRFhhEqvwt2x12kVlBRlW0_YM9-FDNjACLcwx6X9x4ZDtGG0oezwTbn4QBek3zofAF-2jmLAwih0T6Llbm3ILJ3yIipgKnhcUqGMzpen6wFSv8Cam3I4MSayCEus4ISu3JyzQs0zg2Qo8pU-p17shMXBzi5lOH0nGVO
gAAAAABohoZBvSIFc1RgdM_9IvrT2BF5QByQc8jbWfsKdUp8lBEa6j1zguvM1xbnGt7d0bpBgcRizAcSdlMPT4gv435yD_FeXwPsk5OiNttnePdBWBzvNoI7HvlC4BY1zaO2lWG4AnjtHA7eJivPvRL6z2LcK4fJL9V6QXErsdwGDK9IruN_KRa7URz8iIEASlUcydNg1TII
gAAAAABohoZB451-ZZh3GgBN2e72fzIJLSAR4chAx89YcG4HSTb5OB-CqbDjy9q0wpZrxssuFtJa8DsLNchO6KcpgvpCOj0lfnzAf7AcixsG9q3GKDPzLc-djTbHVIGvQEk_A8ej167ggxq_wg_0oSOmXQhai52f6E30pm28QfFx0jqZItn0o_Q156lZP9qhu2x6UYxUjTnm
gAAAAABohoZBSIgx6JBrSJAvBtAe5G7PIokqzogeiqWJqUuNaMnjI1a1g4kNrNIFa8Nc_GmZPYPheZgFKNTdOcYT6cuHNo4pPSYk4-L8jRAtIxfpkdUCyyaAA0QElNQdL9eg1PC6HlbwqXHXp_bLpQVmHtx9DmvhQ0Rgu2mlwTzVkIAcw-2XE5tU2A-GJ8m-Yo-BTNGF1H9x
gAAAAABohoZBWPitaseXNlqsXmTghNjuzUD-mZM-fNGwgI2Z9I3BqbjewhUxfCEm35LQkCyy3vHLCvtX-306ArbMFf4C7kphFSO1acVkhl8WzSHapYez-rh8UaexEWyQlQEry1q_bwnFkdGxtuXULZLa1YOE6ZTpZBEFaUHlOmq_y7WU_50XieIP-1ZmeD470dOLM7n-cbLy
gAAAAABohoZBI7wzHbR89-B6H4vTcBrBMY9qDbwEtHekU-IHEjvXcTP4bkL6KUgO3CBdeLkCfz_SxujcWi1pSFkl00vmLGNjiVm6LYpWtYNCklPb1gbJkxxTJCwA7bthxtBd9BONZSTj13Q_-tkiwg7SKxxG2GayrTGOD0qT1ZgBYTQTrJMgzD9Si34iBqwQfIBo-xzihXGt
gAAAAABohoZB7Dp4moSrqDUd8KmmqK4Tub1-DVtsRsm0VdQod23F_XV6vMdJHeYMb_S40K6Ec6CTKNBOfVgSt5CN3DIydZ7huPl1eO_4-TiLXMlyaCz6G4P8tTZ51RifPLcg1RkC4IZ8o7cz_FCOqSTSYkkGLChZJHQ8nYlB501ZT8sjMgwdvpqj8B4BE0rQISMwm9x01F-U
gAAAAABohoZBOQ0_UwracnQwbhS_jGLc0iUOlOymH93nUUMCU9374Mpxj0f8kUToJa-WECwfVl0H4j8k4AbkoYF1giYBxbMs2FpzdybGUHu_eAblYcjzwfqPHXO0Z5zSMue4EznkECC8KCokJMb_GrqAtZ-8KoV86DkuvTG1g0sM_jioSr-fLgrvzTd2LV7crCF5mfACHv6q
gAAAAABohoZBWTqhfMPOSI54qCMttbrqGq13vy8Rfsq3i6XwQisQK_rYhsMVAxdzUd5b0uOEOxI237d3A2xQGsPA9c10OGpuR9VzpD-PAJ529CurVJmkc4oBrj2arVk69JqoJB_9D8FpoMLEWix2F2x6RJQhXR6Quk4bfAKBhZlmGgawKs_j9NTsGhdy5F0aQpPKQ4YaiHFS
gAAAAABohoZBLjZkWSBMhI74uWarXeq2ZOP2CVF1bWCxYCVhj6aHpnXy9n7j_Dtv96s2rbF7km6nN8BtYqh0SAGfmGRLodnNtlUiFwDYR3t0HFjuPL9zscrwo6Cqnrk9cphgf_lx-hLDuTPPmxG9UkwaOuizrefPGGTr_FZ1A2lCGhFhGN4yP2fn6XmyNQMfQFwDcH-2rXkY
gAAAAABohoZBRGLF_ZKwKa-ZUPL_7uezaND0DW_DvVYY-uWay8n1zIe8VCBYccRPXYLJP6rUey2KjxwpGwJsiIGCyc8rL9GrX4VzyfiIRaObeRfYo-zwByyAj_HlZvkkNspi8U_orbQy6aCPLaAQK3mAa9XUxgt264i4GTdPZJU22Q5I5A2rMoHOleHu2LBvveqNfTiif4mv
gAAAAABohoZBctWoWw3jEpuLsojT6sDi5zf0FhS8ryFmQAbJwxfl4FRmmxkUJ-rzOrQqw-Oe9eI3nrY_LIki7NnTW2ss1B4GioJ6sspBmqAOY7BFIZCnmYNWmD9f32JBYMgrtXg6jRKlWKmtXK_As1wq2qvI4u03mwAvr_9FLnGThArgd9nO9mUTS3b_31sWldy2QZYdQJmg
gAAAAABohoZBg_Xfx5gECKFZL8Xtt6-_-OQgB8Z13P20heE5KkRLlBY8TMur9FyTa07wgKPDrMnafSYx8v1njGAk3O6txkzGeUfXt-3LGJn7RaUWs6f46rOs2ziQhOUgmml4XRlvP5uUFIv0WMdO9xWZbm3Sn30-XGcf5s7_-5CbYw6mnRPyvgbYYhiC5twr7BEGrkZ2uNK9
gAAAAABohoZB-czJ1kI2u3rk1oZQ32u_HU5JCord3rhjUeDR6rVc0TLQhzgG0U2oCe4Oc03N7V5rIEGO0nELbQHeglIvY4hbpn1JHZP1K0mQ9jvqRezJAkreToFX2yuumtbrUPo8wEUqZJMtlHketUSgZxWAApPnfQQAppiHCzQBVPDp5KMhPUpRXw-xcSM7iPOy9QEOulJa
gAAAAABohoZBv1ksN_XVXXISCPw_wdrzZq651HV_GRd-g0hqsy9ObCp_5JsVqH1A290kDGROuSZ2XONUHjaXMiNvTl-ZQA9br9bIvUVtvGMYvaJeG1_0vPr552TmUyLvSx_QU2Q8Lz5_PK8xyXq6re6SX6ALHkmNeUVEqWACubaIeWv6tbZkGwrpJZbKMMKFzR5sdUL1Wn0l
gAAAAABohoZC4nxWnAr3PbgNeJIw7crZT6x0JBbaixbLCNE_M7yXBcwEf7S1gD-rbvVluTINeNtSDKZLiv9dlaBa4EFZA-Pa-4oiZJ1wOuVYCjbDMCEesWVZKuPVk2yLyU_qqNFucEEIxpivRjN_DKNjoMXFJ-oWYEW2Vj-N7yOi0PQGeorvcfuBJ3_AyS1xafCnS3qtGiSD
gAAAAABohoZCXNkFFvFc5OWnRblL30g-u4Lj7eBUg4lLciAEYKDkzguAygzuAjsUCikv4j02iaPmOm1WH6ka-GqYsjGnEQLQoxH62wev6zLwHFXsiJXrG8IEj8NqtwqlQ9E4C9TZA1c0dSBONWzBJCr25jI2R-lQwbgguhCsYmXMvfXCTKZCkXSsbBqtqUNPQHukiswVBvXt
gAAAAABohoZC8bEi9vmuQ6HBZDe2VIkXcgGus4ZijYayMfyf5zpTLjJqaYnfeJQb9nUsu_VzT_9EqxBrN59ipX39fHYcAzFjbAvPbiBMEjzI49SD3U6qYkrX3m_OJrflSyGk8DfFAB-owJENpwgrRGn8RHERYlLgYyz0ArSeuF_0IkrQv9IOjkRDpgLFe88NPWsQ55t2yQuz
gAAAAABohoZC6ZEWQFToZjcle_H74Ztx2MdfA9inGF_U92RNEbZhgmmaqoz4J-UUDKE9jNDmvTZJK-52-O3TX6DT3c1Ezr-MMHWTGq2FSsZ5ej7Y-QY0zXUTlSdLO1HGaCj_Ka_cmnDGi93KelOo-k4UnBZZinkSgwf6sxvn5w34M-eE0gNUDfZ06UbPj49xtZEqMjAyDi4-
gAAAAABohoZCsY8g9tTg8_n0x4iCLt2J-Vg3SWLBXZUekZ1m-jZvtITfj9t5LqjsoJIiW_qTJWgwvuy0lXFqTlFfqNa3XwPuVvND4rOVpAnKBOJfQftaxkXmEzHxaBo9_qKQbNTZCcMIEgicq_f2kLiWavFki6U-8ZQu9ELyPhq7qppfum-V0IkCqp_j8TT3khM67pd7ubXT
gAAAAABohoZC3ksYuUrKo-W-difujAosi8hoJp82NosppMzuy1NyYarpJD_fh8A03qhThxNQM4Mu2zPlyK_sUoxCwGYsL6BWeA2Jp7R47Dss1jTvm8AjbzUgLrz4p-EiHw5vj1laTjCCGm4Kf1PTwgxar0P6Vpg2_nXRvIwBiRr9h-FqMfXBmEbOuCG0AVNBjfsaDW0CXdPE
gAAAAABohoZCvys3W_UDr5lwyhDAahSr8I-rVi31j3Ytmvh3cn4hCk2EEwd94BhWkHVPvyPxKR_AUAK0tlHWFoNWRXVwS4xTkJNBymR3JnOuKHzEzP6kMefrGLhVCttaTw3VrIEwXRRx4nBZq1spHPkIUcUfuzdJtkc5ZSy1a7fPzXvOmZKZZN92d36Kef1-OZC6pZFknpkU
gAAAAABohoZCq8oSaS2al9mOo5ymigVm0afDcZxa-rNrTfhg7Fva7EC0LhIZwoqgHBs9seLwSDmNEgcmuUHFx-kSk0YAa9ufhWddZ3BppItLqVX3QO0a_usnFCrQFUxwXnJBSXBOqjDMWd4I3Fg2BSYRwWDRuPCSTw0udr04nkSeRyeP1ZeJKxZHg_8nHfLhMwhFkKk2d_4j
gAAAAABohoZCJ7D8oES7LO-qBF4tP6d1cq09F-LndfF5-mdlcBwlH14GeZLbL0-U61InplPp5Vh18dXKgS4vO8fyFl2vwfGae4B7hOCcJJ1xSLXFSprJtK03ni1zw3hfmeEEsReauZYG3ONftu1qKVb-Bl-HPUQjubPmsiwl6gnk0AnQg6P6fuFYZ_IVm_ZBHhY0fc5MyfCI
gAAAAABohoZCywZJmmE3Us5g92xkXuruaWPwGUfJUl8QnMcpF7MBgRUuwUQ2snHTh5A6FCmOLcUXR60tL4vRJ30kpMuyju7guRm1671FcNCeLCU_nxuLPAPEuC-A-jG9GIQEQDoKVWEhqjmqKV694KZO26R22Nq3ZNxgGQS8s0gUHuna196EYV7ybr-Gu8MwtMiv-2h4L56g
gAAAAABohoZCDq9dZdlQ2WHERekSYL3byjn8TsQl66X5EIi7liigVki5Dua5UNtKovpJ-5KIyKhipCBUMd3jhZQG0NPO-Sb9_VQ7CJMbjhrqA10w6vPYMObTbN56_bTRUcsZaYBi-mgmelOnI9nPHw0d3IpXXu_bT7jrpCi56qAPYjRlarJ7HbhpiLI6tz2LR9DRckrmipCl
gAAAAABohoZCtON8x2p7xdyv_CiYD4P77d4NgiBL-e9HDgrviK0eQNPRQKnvcFu1gLZ3GIYHdkcjVnmCQ70T8BjVwo5vXEISurwwXma6pcjzKZyCW9o7552oEHAZlVZ3P0--E0-9Vdp2csKdgukdLWmeiLoNzJe8FL-touEZOoiFhACC6VVz4aRc-e4Ovssfb_gpywGu38x5
gAAAAABohoZCkQv-NI1Dk7eDoSktq18_7XcPA21mYOqOBXYhPNSmZaxtC1tSb7QSqwbmp_Bt96-mSQd2gwUsQXHz57LLHpa8vYc29loSWhwEEqTbeo52WExANb6nv7GnjtKLrU_ODnbXAQODdPMgxXv9rvsZW3G2qIxCKj5qX-jjCEdebUX-yWmeFUKTq5bzV1aZu7IdfYu8
gAAAAABohoZC-BoIFNa4dgQKMthMmU3dlNo9PeXErqE3N0B7MOWhyPHvL3XdKn2EoaFQxrQpaYR0QG7s59gBLgmHQywlbf6h4XPs4apEwxlP0fORuSDQ9itVjxAJ7CrosnykiBi6OFH2b3hueVKPkC1O5CXZiXg3P6AX--Nc8iJXvoRnK1syt3BUmPD097KnpBASgEfhRWk6
gAAAAABohoZCdROqIpZtLNOlDcJm4Y7ceHExU_zyFmynDQiVSEF2IEqFxQgvIZUjppwrveGC3PPw9SJbz1NAUTQTEzdZR0nS6otlDIRVspFBEocf7l1YCWcg3McEAC7vNjH5_wrrZTt7PF0l2EBps3lNklA_MACbiM_NeO3koEjHBy7CkSwLz8AsxuZWLC-YaZAjHlinxbRn
gAAAAABohoZChW9pqybkaba5qY40jJR7UbZB5dpBP0VY04Lt1Qjb4RCfZ1CmBPxD2U1drVRB_bq8A4YHThJLEWnNviApNqPBOJngZe1fILcjz4_Y-d3B6kt5tCa9nmshg-tpqBybrc1Mn5gV51GVs-hpA1HW-PcNPUzcPBPymdYfYO9vl60YSRtVap4mdGVWaKQQsqEHVv4W
gAAAAABohoZCVHjrTIA2M50-b6Ujk0918QhGtuJVaVX5iW2mACJZb56XMG43a2ndNSCVl6EwjxjT-f2Qb6lSEAKkZPgcd9TFmFQZitljYpjjcB-nBKgpaHbs6ICDrlpG2ICVddmy3-FHKkPVUaqswwTXsd9dk6Vm1nWdi-4qG5HOlK8wWVs8Rv9zupUBJLU7D0qbYrI1LbM9
gAAAAABohoZCL59Q2oFVK43KhXBSf8dBVA5vFhxYgXtjpBhZ37CoVdx7FQq1pEp7cfrRwwef4HS_bxFkCVPw6wgh_nMUBysXb7RziRaTlfkc5PayT9EtmvDFIHSYg9--EaY4eIZWHyaEK68EWXmYHbGhoVDk5rYV_0jNuQqtkBgd9aau3jdZDuAJhb6k37_mvd_COH3Y8A2i
gAAAAABohoZCG5c8-_odpcKwb3OOlGWUc6YgcIS2WghqYWUHU7JfE3EyBSAotBaq_KtM4Yna1jB0jbyPh4sqKVK60z6kJ8gRzY7WWjjledTLCZ6Nvz8a0sBKRUMNbd4g098_0g1fe1M7Gs6MZhThj8yNvslfZfcjAgFQ4c9QUuFn9dt25Zfs8BQIX8796EqaetLRxfCv8Dbk
gAAAAABohoZCmh9aqlDgVe7kqkuiTRN3y7yxH3SGBRgPPUm02eOowqFW0HvJfIFAyyBrUGqP-Zsva14P2UCNUZntHepLfM6WKZDNTQcOUw-cckene6KOdEAzuch1yu5YhhSR_QbE4zSAT--Kg2rsgBGc1T7yLCU86pJK6PqCDK10PLV7TQ3eyYZbE7Tgidmem5f5MpIFoQjS
gAAAAABohoZCjlWDU676NfB-v4-fylKp-sreOQI-oS37stdLPvpd9zqqHhXXpB_S5XnfCLOBjl4T-Ov3C4IYnMQHL_UxdkdZdtqsrlhNmHpu9Gd33Jc0MlIZL0xD-zDffL9t-Ayy1TbskOdoWVQwpmEsqyHOmz0U5_UYynMAinmRK_ey2rDbt4neIMn8c59Ea_O68-LZyUaE
gAAAAABohoZC44OYUH6s72wlWmclsXumuuQwBNMwvPsGp1HkFuAbJgwrxhVY_0yhA3-TGL2nwGWmdtkHqpejkn2kdsRaDclRXwHy8QgwgfNFNPmkC2lfKFmv_4mcc2PKeNTzF0IVH8EPLU9GFuR7Bov0mp6m_l3NBvDpyLgqWZCuDOMS0xzwjKH8DoliHy8g0cE-Qy5xxGeD
gAAAAABohoZCqbrcQNXuiXtb_--be9Pz52D5JVTCAuexg_imqbyJ2pI-xAhN9yY1S0ezpriJheqiQE4Xf1-aVdiiVncqCDYNCxnRa8MqBgzpML-MAK3jlXzW5rWmjA6wjjD-EFWwNvCapdl1YpJd8NJMbuei4KMPMhiO0QtfV9mDJm_jVd15LpFXI2J-H21ouLaqhhyYFyxC
gAAAAABohoZCjqzLL8Yd256OZCv2b3k4GPLqOnxZ0d53bUtcYmoNjYyWmVi4WEvdrl7wmswWI-blbjX6u7fQt8lZ-a6bO1rSIjOTDw_xkXzX9PKSDGHlHL6Ao-PRRFlB3ex2O78Tv3Z7M-9cAhkl1aYh7ZmnXGuIc47u3ENF7uG4LzIRXO0kOf0iKSmrT1qiIA-K98riLE06
gAAAAABohoZC08wlQjcJq2plAz_HzMQSYQ_Vz8Yd-eWCAwiw9ff4xgNIi3AF_hKhCvMg2TJc-wGSR4eyCS-vtxYAAe-klHb_KkVDCRems1y_zH4_IzvZGdn8bJH4iI3wSFng9AULf1EC9oDe41iPagGP0T5cp9VRbcibXQvfRh0eXqwqpMqEFKCanqGxH8Yh4QF1GmGJF86l
gAAAAABohoZCcLhZP6gI_bBKramzLRdVJKkQ8S9ps1wb4TZrYLOW6DH_TBt7_wK3zWnX4PiVaNPIQHkIfGS273K7JFnW4J6gJBaJR0HzTbP0cBTElqEfwqBZWun2WAJ83gw63vTAS6V_8fA9PiifAfKpS57O4PbCRmXv5j1HBbW4MJT7RVv3qihL_L1rqIP3FKk2vOLlHsWS
gAAAAABohoZCBrMmlwLl-5eWmeJH5PxHqSrIrzMRQBrA_M9McEq2f-U9TPj5EJhAhNYb623dYUnCWhOc1Y5H2GT-54vLxv6K8lhBgi5uMC23b_bEnmQH-BrMx6M4TlNSow37bICKb8-rqoQOl3t-nxgKLgyMHAs9-Xi4lKeXJi6teIunfbO2ts7yWFOT_T78ZAlZqeeh4e0N
gAAAAABohoZCdONb-AT5noUosp36rhI9svgkUnZTKTaPbqMfUvnmJH7YKZU5yGwff0kNbonsKk-RtIFBzshZ4lmHAOrTz8C-U0vRoV4hKA-rHj2jSEc-RHv1E4a2WFWr1tM-BofXjW9gJtgc0CUGGjPaCZm5tnksNdhHcj_zGgHyKqtQuc6st3_TJ8Opl5MUTu0ypuuSFZZs
gAAAAABohoZCsw6V2R0qESMsHLU4gCL8PkyEhoeuWiQWVbpwjuJ6oEGZywdAfYtYd34eEjaKPtMEZCfbKCt0P84d7h9NJ1kNi6KtIGFj5nFWpqzPid1hg5daTcHy6gVfXrsUwmEwgR2JwhDWUkDMLDWyRHGQy5W_SkX_-O4K9eNtG9rcfsGg-5FZv-EF04AMjBhYLMxy_GDV
gAAAAABohoZCP9c1OjGU1R_UnJXy4FpxPkbp-LS5s8ptDkopCEV35m92mFSsdnUSB-CCOhm6gPvGldqwZlf_kBzZvcxkKaQfvAn2uwhne61hEWx3aZXpkKM2Ocln86ni4X0En5TOLY7rKD2WfeElu2Tkd1x7rLMCl2ytf9BciaPOoS8PWW_HIZv_b3vfvaT-P_456Io6P7R5
gAAAAABohoZDpnIzNtsXKiRhISCE5XL_UV4TNNcmZHDdSRW0w45rPDWfq7bGjQnbke_u1GnrC6GXqmFB0CfV7h3Usmzvgi-CpIkKo-GHEPW08m3EL_-onhCsvSXCpitF5p-f9xcbI6a8DEfl5AxJOocFDgHg2bHYTA7wOKv62s10VolkzkXCnqZaxZQ1bNtXLx26VlWwQ7sC
gAAAAABohoZNK_TDoFheKkzpLdR7FddwQg9kJ2PtW7teaY-vTHnI57sV7EJRPzZU-4b3Kj_Io2jRROM6m9Ic6toxarVrZrnjUofgxzphA2N3dwkt9_i-yNh6GjX6bU60DKuTSWHxIYAQ4gy3dyEtfv36N-lPE9xTGSQOPtvsVdQDcL0VJ_YXMNPp1eBdGg294KzwcKxOKW-u
gAAAAABohoZNAML3lrDayK-YNbygeJfv2TYfrx8dBUzfiUj5BHDV4sqqDk42AGNl5e0cexrwAqxw_ZGHxyn4hvN6vbkDEtb2fvYn04znW_9lRV7fpNhwstHXeuZ57i9Ut7lRfFuXYPLEOsaxKRx_WRzI5t-YElB0dyuPi8MTLAS291H1nisIeyPcQkLu8yK5XjieO-YZBT_o
gAAAAABohoZQES0ACbncImB16Xd7CQV_nZVfL4a1eAZ34jjNkoNRlCCFJfKeDISWskC6MKQzSd03_B_VgBur3AwVJXehFyA6LOzHJlIe4G1uJMawWjxIFCrf0OmOH7KmtDp4GZJYs9KWNnjmQP_6cWzfa1QrKoAWWnasS1MKWGK13o3tWVu91DRdyY7w-G_OxRJf-XE1hywp
gAAAAABohoZfnsRuDcUBsPm7LsI47szCm4vJ0Z4qLZEa2mmfrHyJq9y9ioGhlRVyk_gBRm9JLaqPQiDmWxEOIOsD5bUEUmmi1C4oAW1T_j3r3NcbCl1T-O42JLQYNxcNyX24oo1RMzkAiMwbK8d7mAvg_mS7D6pejprq44H02dvorTnMSKqa-DbsMMX4s2ccZpDGnLiKONyz
gAAAAABohoZftevT8mwB2O0GKjOSrdmbja7icoMjOY-UMSnv52I6_t35GRWqn5oV0nF3ecjKCTJhnbsi5iBI_BQzkq_DVBH1c4Z--oTYK-z057TzPNq98660aYQ_wAg3ROpB62YRZCEddT4TZf1vYSsxSiQFIiHvQ9t5s1OAxRgQdhS4ACeoR4js5EmvjQwhrlwB1fy5tkIN
gAAAAABohoZkWI3zIbFZaDYXZINSpCyUuQM0jLTICkdsxakuHP6I-1xm4iNHhVllHRUoArZL4zn17kHiDlYwR6cY5lD5pazCvJ3Z0TufJWXFoRnHCDoGke_-kn3IfaPV0DWa3ZnsB7reHDFNegLL04iB3-Bb1xBupbh2yCTEAl3qPifZea5htMHY32kc5jp_g88gKGnR9yig
gAAAAABohoZkowrEH6lMASe3NBCSdfyH68rYmlHQDjxBQg6NyckvynnO13bDCWdWU4PWWKfqvWiCSI3NNAyBVjVS73DAq1-QhesvEyHfSwotJwgbMoJZet1_ff3T1LZeXbpphfqwfay8TdkBN1uMd_jt2BPnOl2NpG5UF_oKZFiulDmGrPanzI7C2LgEkn7O139Pyi0oIvcH
gAAAAABohoZlWMwRZSxG6hZ911iA4IcTBlTWOwDMn1FueA0VIzIPI0IC0hVBk4lDFnn8GAv6M4oLT5iOiRIXAuOKAmQuedtDQdnHZ95YtMEJOccsu1Ggb9FHf4hh6N7m1ADA21Yw9Gpn7VbLwNN0pgUKtU8wJc__hWULpj8jAc4y102j4MpI4ExZ14i8wCgXzij9Fd_P7RCsvmqrxJp31WHp0wN1NVp9SA==
gAAAAABohoZltAbVY4ZFSvFhAd_VCzOgvXwHW1GVZ_2Akw_UMPP8xrQu-6dNj3AFBBxxQrFu2MNl9Jk221T416iWbqS5piDtTXO677oZNEO2r6aDKtTsXUMUomxtsxfdcf4HD3W-v_4lcAKT5J2XtD1N7i738LxTNRgOvnyRRlKNUk3OuEAINUCxQ16ido4HRBrWUiWFKFUU
gAAAAABohoZmoOx_m9bSPgq0k9aXFc5ObOzT8xHiJRxTeZYatlrAqVm5mlPWI5XneSDjTJBRhns8B3rYyeFYvJMSQ7h-m4msHmQVCyPDPqK4NDNGLsoWtWmzBxuiedt7PPcENcIuiwFwbL_CB7RFeemFXIzaIXxHbvODn1kA8yhLd2rSijzE41LzjUZk9V4yD7EVxNTN4Mf427rWTMO7bfQwNCvw5q6MRA==
gAAAAABohoZm8m38ciSVpwnOWtWfeD-_ceJwmCQhZP7Q6Y3i8zhGd-Cu7vY5p9jvjODrVjz6Mma_femstkUHaH7AfnpgqYc1Pn_G6VwGK_Dbsph_LAKmY6_sPnLPMwybfJC-SFvHOcJ1eRgsqJymPy3Hl7ZEX_aR0fhwSXr9W79CWliP-HQ7E2A00mpbbOigggtutrAuSPSrv785UR4gEJo1wt76ixBPuw==
gAAAAABohoZnYd_xgW7aRxH7S-ozo9WOWOYLaublK6_Z1pz0Gzb9n6szNRnEg5-jA_rijloCA1knngaM96as_dATd7fHiYtefh0zF59mRIlJDzHE0jJhCafx7iMZuevR1AhcTyn6lgz5ZgAo8vUZy1ScRy6-crc2F2cyT_DilIvh7QrXs6O1pv4NCn9qnbriC8H6lymeRLBg
gAAAAABohoZn8TSFRXm4zDBA6ZcV4kPDc4-8TaR3n95klckCkxxqpzlKZMPTY-QYzx_PWyBMaddP33_-99v08NzyFli6Wt0q0RbPrdZ9dCNSemwYZs4M8k0rmjzeMX3AeTt24wJIKTMpHh3HJb2utHZm6HSsA9zoE6onj3i2VHN1i-xVV7VsMGw8ATADYI3aQAOul5O0Wm6H
gAAAAABohoZoyKhPhG_PSmH0X6IIzTtVzCnTBEB0Ry8nvAp-JweVXtaQy72jSKxEOPDrVAnxpvpQ14ZgbDeX2Ket4dutzo0bA4BrQEQWOmaEH3-9G5dO-hhO4WVllGloolwe7LtWszMo0J5jT28D20IAaKZrkVZ_eQR48nZ6DCcLtEsvqVBmZGW40881dCZvCM-wfPEXoPXF
gAAAAABohoZoMt3JOLPCgZXg0HhqpPSPSndVzG72TGnl9uG9QGgRYjFAyv_M1ggGx3LgAt9sxfecfDeHSP7Q75T5zlc-SNVBqVZyRLFYRv8C_ub_yUu9qG3iyjzL1uEaBJjQ9bRY3Z18isnBSTF5jIS7ATjEfokMDXys5oCfRX_Ay0FIsbA-1fPEEaZJmCN1xoBmvc6GE-ev
gAAAAABohoZoMYjvMpmwqhl8mnwpT6GB8jR-4rAPs4mtryOCR3AhkMT6DaZV-Hj6rdm0ZEP6ANaFAzr5cqr7Ej3HacujgrH-rMz0bytW7PVkXSwKtUefpWgZh_uzreLOdZIOK9ittktvZQtThS_cUFUVIkskkp0DZsioTvoDl3H5B8jI_2H13cNFfutVi7nUYph5pFZ9_z8y
gAAAAABohoZo5UIs0lsLqyHpyD3j-OOMgfgApPPDSqWMIVaoTlGUgD5HaRCueVdTsLTqpkQiSne5_8hMMfy8vSja2QWIeu0vbvQvUlqPDduNpsL786AtsSorPFGNKIQJSlKZXE53PY2uk-eaZh0F21c7_YMS15LUdLUOj44uvmlNPkVn-0RPA8D6BS_9A7H0cF2gG1dwpFyX
gAAAAABohoZoi7UYLfnWTmhuFq3lAuPzTF8fYxMJnRhFb72RN2Ed1zKViNIoHGhuMdiiRBmSUywqCUeWGAX9bhmQbQf-p5kdWTjiSo1pmOGJCXclRUVK-LjUCzKwNoWib1mT_WRBnsxrQ9sL5-G_Z0reF-zW2hwzhiV2ju5kEMS90LWVieVyeQI3TIzBu4Cg8aQ19w57JyqQ
gAAAAABohoZp5GkLm0ajCXzcqIM5_NFAJ0TSfiTgIsSvHZ9Xx0ix3MNxSt0meBU3YmQeybyYiFWjUESx4t4CeH6ftGSJ2use6lkYV4Oiqw-GEywMvLwf-P4uYnLp9th_MXbaNgGEFh4vgIGbvP7MJmkprujuRpdXoPE60hVBFJ-TnMP2jQMT5zcLhlSqjvhEzJH7Y_7BvSnF
gAAAAABohoZpxgqvZy7HzglBPTc1zvRHOERfwhO1snniKKq5iBONMiVt1Wnlv7BF5zC0BmfLKTw1mbRZlD8MtIlqcBbQtje68Aau_XR70BO7WrU9mNJc0XmSIZ7IHEhyppm9CMwkOFtiBcUVQ2GTdQrnDIqJViNqY-zyq0gTY5UTcbK4AHVqwawAbnBn4Mq44TbmKMdKrMsV
gAAAAABohoZqAgw-2NZJGlC83tSU2DvPRGBO0LfLahWBa-pv-R1TOQymNfCBJ0nOtcAKljIXeRgUJ5AqQ-90enJpMoqMmZaucF9ldqcaq5tmOaY8FqcjI2tpQxiu0yHIzRqw16lMNMZjKlvlFwObFm94QfkPN4-5RMs0xOh-Vc9gSE2YxaA54NRBw8P0bt1A5QMCC-FBmJ2p
gAAAAABohoZrdsM33pXuYow4dlTC4HCXwqpEd4AupaPt1aiga3iG6Wnaf_upOSfTesvvWvi95y4l0M9pgg04VIAZAVlYm93hNUq2SX08EnDtKaHT3qOFzl4zmJO_qsx_qFf5DPpXFtbAyRWTrmrXrvj802f2GoyO5pxIa6QfDmAZpWRt3M7ZfOjQ__JtHMJfb3Oxw2WaqcKT
gAAAAABohoZsRCeroNmX1n5IL8QTQpNN6JeWCIizlZegN83pgmcYwJ9aFyQqfvrU75A7UtU_BRNwZx6iM2DCiudi9lGQTCnNh0v9Chd7bsey1bYGLIr7MhF6baMFgbFh5wMHYxTDWgoaOtoifQvhIRipubjJVxKTiHPzI3m-XV60S0WoZdJTGP6H3xFCLdPHQD-UpXqtsAV1
gAAAAABohoZtrUFltdco4SMf8WNskbU88q9gV8KILMTI28jgAKI_Sy0V7EZpXZhzHEdm_aIb_fWZxHYlShaZ6m37JbgEd0NbUwyE4JUgcaS55O_rdLVoodbR9HFyen6Ge_pD51XJoNhZ4ho8lWw-bcayeWox7x1CNCHLtAOTSVxOhAi6ToyRbTkiXbcW9ZiTy85r-gV5Hx84
